{"meta": {"format": 3, "version": "7.13.0", "timestamp": "2025-12-19T11:49:14.543151", "branch_coverage": false, "show_contexts": false}, "files": {"src/flowspec_cli/security/__init__.py": {"executed_lines": [1, 15, 22], "summary": {"covered_lines": 2, "num_statements": 2, "percent_covered": 100.0, "percent_covered_display": "100", "missing_lines": 0, "excluded_lines": 0, "percent_statements_covered": 100.0, "percent_statements_covered_display": "100"}, "missing_lines": [], "excluded_lines": [], "functions": {"": {"executed_lines": [1, 15, 22], "summary": {"covered_lines": 2, "num_statements": 2, "percent_covered": 100.0, "percent_covered_display": "100", "missing_lines": 0, "excluded_lines": 0, "percent_statements_covered": 100.0, "percent_statements_covered_display": "100"}, "missing_lines": [], "excluded_lines": []}}, "classes": {"": {"executed_lines": [1, 15, 22], "summary": {"covered_lines": 2, "num_statements": 2, "percent_covered": 100.0, "percent_covered_display": "100", "missing_lines": 0, "excluded_lines": 0, "percent_statements_covered": 100.0, "percent_statements_covered_display": "100"}, "missing_lines": [], "excluded_lines": []}}}, "src/flowspec_cli/security/adapters/__init__.py": {"executed_lines": [1, 14, 15, 17], "summary": {"covered_lines": 3, "num_statements": 3, "percent_covered": 100.0, "percent_covered_display": "100", "missing_lines": 0, "excluded_lines": 0, "percent_statements_covered": 100.0, "percent_statements_covered_display": "100"}, "missing_lines": [], "excluded_lines": [], "functions": {"": {"executed_lines": [1, 14, 15, 17], "summary": {"covered_lines": 3, "num_statements": 3, "percent_covered": 100.0, "percent_covered_display": "100", "missing_lines": 0, "excluded_lines": 0, "percent_statements_covered": 100.0, "percent_statements_covered_display": "100"}, "missing_lines": [], "excluded_lines": []}}, "classes": {"": {"executed_lines": [1, 14, 15, 17], "summary": {"covered_lines": 3, "num_statements": 3, "percent_covered": 100.0, "percent_covered_display": "100", "missing_lines": 0, "excluded_lines": 0, "percent_statements_covered": 100.0, "percent_statements_covered_display": "100"}, "missing_lines": [], "excluded_lines": []}}}, "src/flowspec_cli/security/adapters/base.py": {"executed_lines": [1, 10, 11, 13, 16, 17, 48, 49, 50, 58, 59, 60, 71, 72, 84, 85, 109, 110], "summary": {"covered_lines": 16, "num_statements": 21, "percent_covered": 76.19047619047619, "percent_covered_display": "76", "missing_lines": 5, "excluded_lines": 1, "percent_statements_covered": 76.19047619047619, "percent_statements_covered_display": "76"}, "missing_lines": [56, 69, 82, 107, 124], "excluded_lines": [17], "functions": {"ScannerAdapter.name": {"executed_lines": [], "summary": {"covered_lines": 0, "num_statements": 1, "percent_covered": 0.0, "percent_covered_display": "0", "missing_lines": 1, "excluded_lines": 0, "percent_statements_covered": 0.0, "percent_statements_covered_display": "0"}, "missing_lines": [56], "excluded_lines": []}, "ScannerAdapter.version": {"executed_lines": [], "summary": {"covered_lines": 0, "num_statements": 1, "percent_covered": 0.0, "percent_covered_display": "0", "missing_lines": 1, "excluded_lines": 0, "percent_statements_covered": 0.0, "percent_statements_covered_display": "0"}, "missing_lines": [69], "excluded_lines": []}, "ScannerAdapter.is_available": {"executed_lines": [], "summary": {"covered_lines": 0, "num_statements": 1, "percent_covered": 0.0, "percent_covered_display": "0", "missing_lines": 1, "excluded_lines": 0, "percent_statements_covered": 0.0, "percent_statements_covered_display": "0"}, "missing_lines": [82], "excluded_lines": []}, "ScannerAdapter.scan": {"executed_lines": [], "summary": {"covered_lines": 0, "num_statements": 1, "percent_covered": 0.0, "percent_covered_display": "0", "missing_lines": 1, "excluded_lines": 0, "percent_statements_covered": 0.0, "percent_statements_covered_display": "0"}, "missing_lines": [107], "excluded_lines": []}, "ScannerAdapter.get_install_instructions": {"executed_lines": [], "summary": {"covered_lines": 0, "num_statements": 1, "percent_covered": 0.0, "percent_covered_display": "0", "missing_lines": 1, "excluded_lines": 0, "percent_statements_covered": 0.0, "percent_statements_covered_display": "0"}, "missing_lines": [124], "excluded_lines": []}, "": {"executed_lines": [1, 10, 11, 13, 16, 17, 48, 49, 50, 58, 59, 60, 71, 72, 84, 85, 109, 110], "summary": {"covered_lines": 16, "num_statements": 16, "percent_covered": 100.0, "percent_covered_display": "100", "missing_lines": 0, "excluded_lines": 1, "percent_statements_covered": 100.0, "percent_statements_covered_display": "100"}, "missing_lines": [], "excluded_lines": [17]}}, "classes": {"ScannerAdapter": {"executed_lines": [], "summary": {"covered_lines": 0, "num_statements": 5, "percent_covered": 0.0, "percent_covered_display": "0", "missing_lines": 5, "excluded_lines": 0, "percent_statements_covered": 0.0, "percent_statements_covered_display": "0"}, "missing_lines": [56, 69, 82, 107, 124], "excluded_lines": []}, "": {"executed_lines": [1, 10, 11, 13, 16, 17, 48, 49, 50, 58, 59, 60, 71, 72, 84, 85, 109, 110], "summary": {"covered_lines": 16, "num_statements": 16, "percent_covered": 100.0, "percent_covered_display": "100", "missing_lines": 0, "excluded_lines": 1, "percent_statements_covered": 100.0, "percent_statements_covered_display": "100"}, "missing_lines": [], "excluded_lines": [17]}}}, "src/flowspec_cli/security/adapters/dast.py": {"executed_lines": [1, 7, 9, 10, 13, 14, 42, 43, 49, 51, 52, 61, 62, 63, 73, 79, 80, 84, 88, 110, 111, 116, 118, 119, 120, 151, 157, 176, 177, 187, 204, 212, 213, 214], "summary": {"covered_lines": 31, "num_statements": 65, "percent_covered": 47.69230769230769, "percent_covered_display": "48", "missing_lines": 34, "excluded_lines": 1, "percent_statements_covered": 47.69230769230769, "percent_statements_covered_display": "48"}, "missing_lines": [65, 66, 68, 69, 70, 71, 85, 86, 122, 123, 124, 125, 128, 131, 132, 133, 134, 137, 146, 149, 205, 210, 216, 217, 218, 219, 222, 225, 226, 227, 228, 231, 240, 243], "excluded_lines": [14], "functions": {"DASTAdapter.name": {"executed_lines": [49], "summary": {"covered_lines": 1, "num_statements": 1, "percent_covered": 100.0, "percent_covered_display": "100", "missing_lines": 0, "excluded_lines": 0, "percent_statements_covered": 100.0, "percent_statements_covered_display": "100"}, "missing_lines": [], "excluded_lines": []}, "DASTAdapter.version": {"executed_lines": [61, 62, 63], "summary": {"covered_lines": 3, "num_statements": 9, "percent_covered": 33.333333333333336, "percent_covered_display": "33", "missing_lines": 6, "excluded_lines": 0, "percent_statements_covered": 33.333333333333336, "percent_statements_covered_display": "33"}, "missing_lines": [65, 66, 68, 69, 70, 71], "excluded_lines": []}, "DASTAdapter.is_available": {"executed_lines": [79, 80, 84], "summary": {"covered_lines": 3, "num_statements": 5, "percent_covered": 60.0, "percent_covered_display": "60", "missing_lines": 2, "excluded_lines": 0, "percent_statements_covered": 60.0, "percent_statements_covered_display": "60"}, "missing_lines": [85, 86], "excluded_lines": []}, "DASTAdapter.scan": {"executed_lines": [110, 111, 116, 118, 119, 120], "summary": {"covered_lines": 6, "num_statements": 18, "percent_covered": 33.333333333333336, "percent_covered_display": "33", "missing_lines": 12, "excluded_lines": 0, "percent_statements_covered": 33.333333333333336, "percent_statements_covered_display": "33"}, "missing_lines": [122, 123, 124, 125, 128, 131, 132, 133, 134, 137, 146, 149], "excluded_lines": []}, "DASTAdapter.get_install_instructions": {"executed_lines": [157], "summary": {"covered_lines": 1, "num_statements": 1, "percent_covered": 100.0, "percent_covered_display": "100", "missing_lines": 0, "excluded_lines": 0, "percent_statements_covered": 100.0, "percent_statements_covered_display": "100"}, "missing_lines": [], "excluded_lines": []}, "DASTAdapterAsync.scan_async": {"executed_lines": [204, 212, 213, 214], "summary": {"covered_lines": 4, "num_statements": 18, "percent_covered": 22.22222222222222, "percent_covered_display": "22", "missing_lines": 14, "excluded_lines": 0, "percent_statements_covered": 22.22222222222222, "percent_statements_covered_display": "22"}, "missing_lines": [205, 210, 216, 217, 218, 219, 222, 225, 226, 227, 228, 231, 240, 243], "excluded_lines": []}, "": {"executed_lines": [1, 7, 9, 10, 13, 14, 42, 43, 51, 52, 73, 88, 151, 176, 177, 187], "summary": {"covered_lines": 13, "num_statements": 13, "percent_covered": 100.0, "percent_covered_display": "100", "missing_lines": 0, "excluded_lines": 1, "percent_statements_covered": 100.0, "percent_statements_covered_display": "100"}, "missing_lines": [], "excluded_lines": [14]}}, "classes": {"DASTAdapter": {"executed_lines": [49, 61, 62, 63, 79, 80, 84, 110, 111, 116, 118, 119, 120, 157], "summary": {"covered_lines": 14, "num_statements": 34, "percent_covered": 41.1764705882353, "percent_covered_display": "41", "missing_lines": 20, "excluded_lines": 0, "percent_statements_covered": 41.1764705882353, "percent_statements_covered_display": "41"}, "missing_lines": [65, 66, 68, 69, 70, 71, 85, 86, 122, 123, 124, 125, 128, 131, 132, 133, 134, 137, 146, 149], "excluded_lines": []}, "DASTAdapterAsync": {"executed_lines": [204, 212, 213, 214], "summary": {"covered_lines": 4, "num_statements": 18, "percent_covered": 22.22222222222222, "percent_covered_display": "22", "missing_lines": 14, "excluded_lines": 0, "percent_statements_covered": 22.22222222222222, "percent_statements_covered_display": "22"}, "missing_lines": [205, 210, 216, 217, 218, 219, 222, 225, 226, 227, 228, 231, 240, 243], "excluded_lines": []}, "": {"executed_lines": [1, 7, 9, 10, 13, 14, 42, 43, 51, 52, 73, 88, 151, 176, 177, 187], "summary": {"covered_lines": 13, "num_statements": 13, "percent_covered": 100.0, "percent_covered_display": "100", "missing_lines": 0, "excluded_lines": 1, "percent_statements_covered": 100.0, "percent_statements_covered_display": "100"}, "missing_lines": [], "excluded_lines": [14]}}}, "src/flowspec_cli/security/adapters/discovery.py": {"executed_lines": [1, 13, 14, 15, 18, 19, 37, 43, 44, 46, 67, 68, 69, 72, 73, 74, 77, 78, 79, 81, 83, 93, 99, 100, 101, 104, 105, 106, 107, 109, 111, 134, 135, 136, 139, 140, 143, 144, 145, 146, 147, 149, 161, 163, 165, 172, 173, 174, 175, 177, 179, 180, 181, 182, 184, 198], "summary": {"covered_lines": 54, "num_statements": 54, "percent_covered": 100.0, "percent_covered_display": "100", "missing_lines": 0, "excluded_lines": 0, "percent_statements_covered": 100.0, "percent_statements_covered_display": "100"}, "missing_lines": [], "excluded_lines": [], "functions": {"ToolDiscovery.__init__": {"executed_lines": [43, 44], "summary": {"covered_lines": 2, "num_statements": 2, "percent_covered": 100.0, "percent_covered_display": "100", "missing_lines": 0, "excluded_lines": 0, "percent_statements_covered": 100.0, "percent_statements_covered_display": "100"}, "missing_lines": [], "excluded_lines": []}, "ToolDiscovery.find_tool": {"executed_lines": [67, 68, 69, 72, 73, 74, 77, 78, 79, 81], "summary": {"covered_lines": 10, "num_statements": 10, "percent_covered": 100.0, "percent_covered_display": "100", "missing_lines": 0, "excluded_lines": 0, "percent_statements_covered": 100.0, "percent_statements_covered_display": "100"}, "missing_lines": [], "excluded_lines": []}, "ToolDiscovery._find_in_venv": {"executed_lines": [93, 99, 100, 101, 104, 105, 106, 107, 109], "summary": {"covered_lines": 9, "num_statements": 9, "percent_covered": 100.0, "percent_covered_display": "100", "missing_lines": 0, "excluded_lines": 0, "percent_statements_covered": 100.0, "percent_statements_covered_display": "100"}, "missing_lines": [], "excluded_lines": []}, "ToolDiscovery.ensure_available": {"executed_lines": [134, 135, 136, 139, 140, 143, 144, 145, 146, 147], "summary": {"covered_lines": 10, "num_statements": 10, "percent_covered": 100.0, "percent_covered_display": "100", "missing_lines": 0, "excluded_lines": 0, "percent_statements_covered": 100.0, "percent_statements_covered_display": "100"}, "missing_lines": [], "excluded_lines": []}, "ToolDiscovery._install_with_pip": {"executed_lines": [161, 163, 165, 172, 173, 174, 175, 177, 179, 180, 181, 182], "summary": {"covered_lines": 12, "num_statements": 12, "percent_covered": 100.0, "percent_covered_display": "100", "missing_lines": 0, "excluded_lines": 0, "percent_statements_covered": 100.0, "percent_statements_covered_display": "100"}, "missing_lines": [], "excluded_lines": []}, "ToolDiscovery.is_available": {"executed_lines": [198], "summary": {"covered_lines": 1, "num_statements": 1, "percent_covered": 100.0, "percent_covered_display": "100", "missing_lines": 0, "excluded_lines": 0, "percent_statements_covered": 100.0, "percent_statements_covered_display": "100"}, "missing_lines": [], "excluded_lines": []}, "": {"executed_lines": [1, 13, 14, 15, 18, 19, 37, 46, 83, 111, 149, 184], "summary": {"covered_lines": 10, "num_statements": 10, "percent_covered": 100.0, "percent_covered_display": "100", "missing_lines": 0, "excluded_lines": 0, "percent_statements_covered": 100.0, "percent_statements_covered_display": "100"}, "missing_lines": [], "excluded_lines": []}}, "classes": {"ToolDiscovery": {"executed_lines": [43, 44, 67, 68, 69, 72, 73, 74, 77, 78, 79, 81, 93, 99, 100, 101, 104, 105, 106, 107, 109, 134, 135, 136, 139, 140, 143, 144, 145, 146, 147, 161, 163, 165, 172, 173, 174, 175, 177, 179, 180, 181, 182, 198], "summary": {"covered_lines": 44, "num_statements": 44, "percent_covered": 100.0, "percent_covered_display": "100", "missing_lines": 0, "excluded_lines": 0, "percent_statements_covered": 100.0, "percent_statements_covered_display": "100"}, "missing_lines": [], "excluded_lines": []}, "": {"executed_lines": [1, 13, 14, 15, 18, 19, 37, 46, 83, 111, 149, 184], "summary": {"covered_lines": 10, "num_statements": 10, "percent_covered": 100.0, "percent_covered_display": "100", "missing_lines": 0, "excluded_lines": 0, "percent_statements_covered": 100.0, "percent_statements_covered_display": "100"}, "missing_lines": [], "excluded_lines": []}}}, "src/flowspec_cli/security/adapters/semgrep.py": {"executed_lines": [1, 10, 11, 12, 14, 15, 16, 19, 20, 43, 49, 50, 52, 53, 59, 61, 62, 71, 74, 75, 76, 78, 79, 80, 88, 89, 90, 96, 102, 104, 130, 131, 132, 134, 135, 136, 138, 139, 140, 141, 144, 145, 154, 155, 158, 161, 162, 171, 172, 173, 176, 177, 179, 181, 182, 183, 184, 185, 186, 188, 197, 198, 201, 204, 207, 217, 231, 243, 248, 250, 259, 260, 262, 264, 265, 266, 267, 268, 270, 272, 281, 284, 285, 286, 287, 288, 289, 291, 293, 299], "summary": {"covered_lines": 88, "num_statements": 92, "percent_covered": 95.65217391304348, "percent_covered_display": "96", "missing_lines": 4, "excluded_lines": 0, "percent_statements_covered": 95.65217391304348, "percent_statements_covered_display": "96"}, "missing_lines": [72, 92, 93, 94], "excluded_lines": [], "functions": {"SemgrepAdapter.__init__": {"executed_lines": [49, 50], "summary": {"covered_lines": 2, "num_statements": 2, "percent_covered": 100.0, "percent_covered_display": "100", "missing_lines": 0, "excluded_lines": 0, "percent_statements_covered": 100.0, "percent_statements_covered_display": "100"}, "missing_lines": [], "excluded_lines": []}, "SemgrepAdapter.name": {"executed_lines": [59], "summary": {"covered_lines": 1, "num_statements": 1, "percent_covered": 100.0, "percent_covered_display": "100", "missing_lines": 0, "excluded_lines": 0, "percent_statements_covered": 100.0, "percent_statements_covered_display": "100"}, "missing_lines": [], "excluded_lines": []}, "SemgrepAdapter.version": {"executed_lines": [71, 74, 75, 76, 78, 79, 80, 88, 89, 90], "summary": {"covered_lines": 10, "num_statements": 14, "percent_covered": 71.42857142857143, "percent_covered_display": "71", "missing_lines": 4, "excluded_lines": 0, "percent_statements_covered": 71.42857142857143, "percent_statements_covered_display": "71"}, "missing_lines": [72, 92, 93, 94], "excluded_lines": []}, "SemgrepAdapter.is_available": {"executed_lines": [102], "summary": {"covered_lines": 1, "num_statements": 1, "percent_covered": 100.0, "percent_covered_display": "100", "missing_lines": 0, "excluded_lines": 0, "percent_statements_covered": 100.0, "percent_statements_covered_display": "100"}, "missing_lines": [], "excluded_lines": []}, "SemgrepAdapter.scan": {"executed_lines": [130, 131, 132, 134, 135, 136, 138, 139, 140, 141, 144, 145, 154, 155, 158, 161, 162, 171, 172, 173, 176, 177, 179, 181, 182, 183, 184, 185, 186], "summary": {"covered_lines": 29, "num_statements": 29, "percent_covered": 100.0, "percent_covered_display": "100", "missing_lines": 0, "excluded_lines": 0, "percent_statements_covered": 100.0, "percent_statements_covered_display": "100"}, "missing_lines": [], "excluded_lines": []}, "SemgrepAdapter._to_finding": {"executed_lines": [197, 198, 201, 204, 207, 217], "summary": {"covered_lines": 6, "num_statements": 6, "percent_covered": 100.0, "percent_covered_display": "100", "missing_lines": 0, "excluded_lines": 0, "percent_statements_covered": 100.0, "percent_statements_covered_display": "100"}, "missing_lines": [], "excluded_lines": []}, "SemgrepAdapter._map_severity": {"executed_lines": [243, 248], "summary": {"covered_lines": 2, "num_statements": 2, "percent_covered": 100.0, "percent_covered_display": "100", "missing_lines": 0, "excluded_lines": 0, "percent_statements_covered": 100.0, "percent_statements_covered_display": "100"}, "missing_lines": [], "excluded_lines": []}, "SemgrepAdapter._extract_cwe": {"executed_lines": [259, 260, 262, 264, 265, 266, 267, 268, 270], "summary": {"covered_lines": 9, "num_statements": 9, "percent_covered": 100.0, "percent_covered_display": "100", "missing_lines": 0, "excluded_lines": 0, "percent_statements_covered": 100.0, "percent_statements_covered_display": "100"}, "missing_lines": [], "excluded_lines": []}, "SemgrepAdapter._extract_references": {"executed_lines": [281, 284, 285, 286, 287, 288, 289, 291], "summary": {"covered_lines": 8, "num_statements": 8, "percent_covered": 100.0, "percent_covered_display": "100", "missing_lines": 0, "excluded_lines": 0, "percent_statements_covered": 100.0, "percent_statements_covered_display": "100"}, "missing_lines": [], "excluded_lines": []}, "SemgrepAdapter.get_install_instructions": {"executed_lines": [299], "summary": {"covered_lines": 1, "num_statements": 1, "percent_covered": 100.0, "percent_covered_display": "100", "missing_lines": 0, "excluded_lines": 0, "percent_statements_covered": 100.0, "percent_statements_covered_display": "100"}, "missing_lines": [], "excluded_lines": []}, "": {"executed_lines": [1, 10, 11, 12, 14, 15, 16, 19, 20, 43, 52, 53, 61, 62, 96, 104, 188, 231, 250, 272, 293], "summary": {"covered_lines": 19, "num_statements": 19, "percent_covered": 100.0, "percent_covered_display": "100", "missing_lines": 0, "excluded_lines": 0, "percent_statements_covered": 100.0, "percent_statements_covered_display": "100"}, "missing_lines": [], "excluded_lines": []}}, "classes": {"SemgrepAdapter": {"executed_lines": [49, 50, 59, 71, 74, 75, 76, 78, 79, 80, 88, 89, 90, 102, 130, 131, 132, 134, 135, 136, 138, 139, 140, 141, 144, 145, 154, 155, 158, 161, 162, 171, 172, 173, 176, 177, 179, 181, 182, 183, 184, 185, 186, 197, 198, 201, 204, 207, 217, 243, 248, 259, 260, 262, 264, 265, 266, 267, 268, 270, 281, 284, 285, 286, 287, 288, 289, 291, 299], "summary": {"covered_lines": 69, "num_statements": 73, "percent_covered": 94.52054794520548, "percent_covered_display": "95", "missing_lines": 4, "excluded_lines": 0, "percent_statements_covered": 94.52054794520548, "percent_statements_covered_display": "95"}, "missing_lines": [72, 92, 93, 94], "excluded_lines": []}, "": {"executed_lines": [1, 10, 11, 12, 14, 15, 16, 19, 20, 43, 52, 53, 61, 62, 96, 104, 188, 231, 250, 272, 293], "summary": {"covered_lines": 19, "num_statements": 19, "percent_covered": 100.0, "percent_covered_display": "100", "missing_lines": 0, "excluded_lines": 0, "percent_statements_covered": 100.0, "percent_statements_covered_display": "100"}, "missing_lines": [], "excluded_lines": []}}}, "src/flowspec_cli/security/config/__init__.py": {"executed_lines": [1, 13, 25, 30, 36], "summary": {"covered_lines": 4, "num_statements": 4, "percent_covered": 100.0, "percent_covered_display": "100", "missing_lines": 0, "excluded_lines": 0, "percent_statements_covered": 100.0, "percent_statements_covered_display": "100"}, "missing_lines": [], "excluded_lines": [], "functions": {"": {"executed_lines": [1, 13, 25, 30, 36], "summary": {"covered_lines": 4, "num_statements": 4, "percent_covered": 100.0, "percent_covered_display": "100", "missing_lines": 0, "excluded_lines": 0, "percent_statements_covered": 100.0, "percent_statements_covered_display": "100"}, "missing_lines": [], "excluded_lines": []}}, "classes": {"": {"executed_lines": [1, 13, 25, 30, 36], "summary": {"covered_lines": 4, "num_statements": 4, "percent_covered": 100.0, "percent_covered_display": "100", "missing_lines": 0, "excluded_lines": 0, "percent_statements_covered": 100.0, "percent_statements_covered_display": "100"}, "missing_lines": [], "excluded_lines": []}}}, "src/flowspec_cli/security/config/loader.py": {"executed_lines": [1, 7, 9, 11, 21, 24, 25, 27, 28, 29, 32, 33, 41, 49, 55, 56, 58, 70, 71, 73, 75, 77, 78, 80, 81, 82, 83, 84, 86, 88, 90, 91, 92, 93, 94, 99, 101, 110, 111, 112, 113, 115, 116, 118, 119, 120, 127, 129, 135, 136, 137, 139, 141, 150, 153, 154, 156, 157, 159, 160, 162, 163, 166, 167, 170, 171, 174, 175, 178, 179, 182, 183, 185, 186, 188, 190, 192, 194, 195, 197, 200, 201, 203, 204, 206, 207, 209, 210, 212, 214, 216, 218, 219, 221, 224, 227, 228, 230, 231, 233, 234, 236, 238, 240, 242, 243, 245, 248, 251, 252, 254, 255, 257, 259, 261, 263, 264, 266, 267, 269, 270, 272, 274, 276, 278, 279, 281, 282, 284, 285, 287, 288, 290, 292, 294, 296, 297, 299, 300, 302, 303, 305, 306, 308, 311, 323, 324], "summary": {"covered_lines": 144, "num_statements": 152, "percent_covered": 94.73684210526316, "percent_covered_display": "95", "missing_lines": 8, "excluded_lines": 0, "percent_statements_covered": 94.73684210526316, "percent_statements_covered_display": "95"}, "missing_lines": [121, 122, 138, 198, 222, 225, 246, 249], "excluded_lines": [], "functions": {"ConfigLoadError.__init__": {"executed_lines": [28, 29], "summary": {"covered_lines": 2, "num_statements": 2, "percent_covered": 100.0, "percent_covered_display": "100", "missing_lines": 0, "excluded_lines": 0, "percent_statements_covered": 100.0, "percent_statements_covered_display": "100"}, "missing_lines": [], "excluded_lines": []}, "ConfigLoader.__init__": {"executed_lines": [55, 56], "summary": {"covered_lines": 2, "num_statements": 2, "percent_covered": 100.0, "percent_covered_display": "100", "missing_lines": 0, "excluded_lines": 0, "percent_statements_covered": 100.0, "percent_statements_covered_display": "100"}, "missing_lines": [], "excluded_lines": []}, "ConfigLoader.load": {"executed_lines": [70, 71, 73, 75, 77, 78, 80, 81, 82, 83, 84, 86, 88, 90, 91, 92, 93, 94, 99], "summary": {"covered_lines": 19, "num_statements": 19, "percent_covered": 100.0, "percent_covered_display": "100", "missing_lines": 0, "excluded_lines": 0, "percent_statements_covered": 100.0, "percent_statements_covered_display": "100"}, "missing_lines": [], "excluded_lines": []}, "ConfigLoader.load_from_string": {"executed_lines": [110, 111, 112, 113, 115, 116, 118, 119, 120, 127], "summary": {"covered_lines": 10, "num_statements": 12, "percent_covered": 83.33333333333333, "percent_covered_display": "83", "missing_lines": 2, "excluded_lines": 0, "percent_statements_covered": 83.33333333333333, "percent_statements_covered_display": "83"}, "missing_lines": [121, 122], "excluded_lines": []}, "ConfigLoader._find_config_file": {"executed_lines": [135, 136, 137, 139], "summary": {"covered_lines": 4, "num_statements": 5, "percent_covered": 80.0, "percent_covered_display": "80", "missing_lines": 1, "excluded_lines": 0, "percent_statements_covered": 80.0, "percent_statements_covered_display": "80"}, "missing_lines": [138], "excluded_lines": []}, "ConfigLoader._parse_config": {"executed_lines": [150, 153, 154, 156, 157, 159, 160, 162, 163, 166, 167, 170, 171, 174, 175, 178, 179, 182, 183, 185, 186, 188], "summary": {"covered_lines": 22, "num_statements": 22, "percent_covered": 100.0, "percent_covered_display": "100", "missing_lines": 0, "excluded_lines": 0, "percent_statements_covered": 100.0, "percent_statements_covered_display": "100"}, "missing_lines": [], "excluded_lines": []}, "ConfigLoader._parse_semgrep": {"executed_lines": [192, 194, 195, 197, 200, 201, 203, 204, 206, 207, 209, 210, 212], "summary": {"covered_lines": 13, "num_statements": 14, "percent_covered": 92.85714285714286, "percent_covered_display": "93", "missing_lines": 1, "excluded_lines": 0, "percent_statements_covered": 92.85714285714286, "percent_statements_covered_display": "93"}, "missing_lines": [198], "excluded_lines": []}, "ConfigLoader._parse_codeql": {"executed_lines": [216, 218, 219, 221, 224, 227, 228, 230, 231, 233, 234, 236], "summary": {"covered_lines": 12, "num_statements": 14, "percent_covered": 85.71428571428571, "percent_covered_display": "86", "missing_lines": 2, "excluded_lines": 0, "percent_statements_covered": 85.71428571428571, "percent_statements_covered_display": "86"}, "missing_lines": [222, 225], "excluded_lines": []}, "ConfigLoader._parse_bandit": {"executed_lines": [240, 242, 243, 245, 248, 251, 252, 254, 255, 257], "summary": {"covered_lines": 10, "num_statements": 12, "percent_covered": 83.33333333333333, "percent_covered_display": "83", "missing_lines": 2, "excluded_lines": 0, "percent_statements_covered": 83.33333333333333, "percent_statements_covered_display": "83"}, "missing_lines": [246, 249], "excluded_lines": []}, "ConfigLoader._parse_exclusions": {"executed_lines": [261, 263, 264, 266, 267, 269, 270, 272], "summary": {"covered_lines": 8, "num_statements": 8, "percent_covered": 100.0, "percent_covered_display": "100", "missing_lines": 0, "excluded_lines": 0, "percent_statements_covered": 100.0, "percent_statements_covered_display": "100"}, "missing_lines": [], "excluded_lines": []}, "ConfigLoader._parse_triage": {"executed_lines": [276, 278, 279, 281, 282, 284, 285, 287, 288, 290], "summary": {"covered_lines": 10, "num_statements": 10, "percent_covered": 100.0, "percent_covered_display": "100", "missing_lines": 0, "excluded_lines": 0, "percent_statements_covered": 100.0, "percent_statements_covered_display": "100"}, "missing_lines": [], "excluded_lines": []}, "ConfigLoader._parse_reporting": {"executed_lines": [294, 296, 297, 299, 300, 302, 303, 305, 306, 308], "summary": {"covered_lines": 10, "num_statements": 10, "percent_covered": 100.0, "percent_covered_display": "100", "missing_lines": 0, "excluded_lines": 0, "percent_statements_covered": 100.0, "percent_statements_covered_display": "100"}, "missing_lines": [], "excluded_lines": []}, "load_config": {"executed_lines": [323, 324], "summary": {"covered_lines": 2, "num_statements": 2, "percent_covered": 100.0, "percent_covered_display": "100", "missing_lines": 0, "excluded_lines": 0, "percent_statements_covered": 100.0, "percent_statements_covered_display": "100"}, "missing_lines": [], "excluded_lines": []}, "": {"executed_lines": [1, 7, 9, 11, 21, 24, 25, 27, 32, 33, 41, 49, 58, 101, 129, 141, 190, 214, 238, 259, 274, 292, 311], "summary": {"covered_lines": 20, "num_statements": 20, "percent_covered": 100.0, "percent_covered_display": "100", "missing_lines": 0, "excluded_lines": 0, "percent_statements_covered": 100.0, "percent_statements_covered_display": "100"}, "missing_lines": [], "excluded_lines": []}}, "classes": {"ConfigLoadError": {"executed_lines": [28, 29], "summary": {"covered_lines": 2, "num_statements": 2, "percent_covered": 100.0, "percent_covered_display": "100", "missing_lines": 0, "excluded_lines": 0, "percent_statements_covered": 100.0, "percent_statements_covered_display": "100"}, "missing_lines": [], "excluded_lines": []}, "ConfigLoader": {"executed_lines": [55, 56, 70, 71, 73, 75, 77, 78, 80, 81, 82, 83, 84, 86, 88, 90, 91, 92, 93, 94, 99, 110, 111, 112, 113, 115, 116, 118, 119, 120, 127, 135, 136, 137, 139, 150, 153, 154, 156, 157, 159, 160, 162, 163, 166, 167, 170, 171, 174, 175, 178, 179, 182, 183, 185, 186, 188, 192, 194, 195, 197, 200, 201, 203, 204, 206, 207, 209, 210, 212, 216, 218, 219, 221, 224, 227, 228, 230, 231, 233, 234, 236, 240, 242, 243, 245, 248, 251, 252, 254, 255, 257, 261, 263, 264, 266, 267, 269, 270, 272, 276, 278, 279, 281, 282, 284, 285, 287, 288, 290, 294, 296, 297, 299, 300, 302, 303, 305, 306, 308], "summary": {"covered_lines": 120, "num_statements": 128, "percent_covered": 93.75, "percent_covered_display": "94", "missing_lines": 8, "excluded_lines": 0, "percent_statements_covered": 93.75, "percent_statements_covered_display": "94"}, "missing_lines": [121, 122, 138, 198, 222, 225, 246, 249], "excluded_lines": []}, "": {"executed_lines": [1, 7, 9, 11, 21, 24, 25, 27, 32, 33, 41, 49, 58, 101, 129, 141, 190, 214, 238, 259, 274, 292, 311, 323, 324], "summary": {"covered_lines": 22, "num_statements": 22, "percent_covered": 100.0, "percent_covered_display": "100", "missing_lines": 0, "excluded_lines": 0, "percent_statements_covered": 100.0, "percent_statements_covered_display": "100"}, "missing_lines": [], "excluded_lines": []}}}, "src/flowspec_cli/security/config/models.py": {"executed_lines": [1, 7, 8, 9, 10, 13, 14, 16, 17, 18, 21, 22, 24, 25, 26, 27, 28, 31, 32, 33, 35, 36, 37, 40, 41, 42, 44, 45, 46, 49, 50, 51, 53, 54, 55, 58, 59, 60, 62, 63, 66, 67, 68, 70, 71, 72, 73, 76, 77, 78, 80, 81, 82, 84, 93, 96, 97, 98, 101, 102, 103, 106, 107, 108, 109, 111, 114, 115, 116, 118, 119, 120, 121, 124, 125, 126, 157, 158, 159, 162, 165, 168, 171, 174, 175, 177, 183, 184, 185, 186, 187, 188, 189, 190, 192, 201, 202, 204, 212, 219, 220, 222, 224, 230], "summary": {"covered_lines": 93, "num_statements": 93, "percent_covered": 100.0, "percent_covered_display": "100", "missing_lines": 0, "excluded_lines": 0, "percent_statements_covered": 100.0, "percent_statements_covered_display": "100"}, "missing_lines": [], "excluded_lines": [], "functions": {"ExclusionConfig.matches_path": {"executed_lines": [93, 96, 97, 98, 101, 102, 103, 106, 107, 108, 109, 111], "summary": {"covered_lines": 12, "num_statements": 12, "percent_covered": 100.0, "percent_covered_display": "100", "missing_lines": 0, "excluded_lines": 0, "percent_statements_covered": 100.0, "percent_statements_covered_display": "100"}, "missing_lines": [], "excluded_lines": []}, "SecurityConfig.get_enabled_scanners": {"executed_lines": [183, 184, 185, 186, 187, 188, 189, 190], "summary": {"covered_lines": 8, "num_statements": 8, "percent_covered": 100.0, "percent_covered_display": "100", "missing_lines": 0, "excluded_lines": 0, "percent_statements_covered": 100.0, "percent_statements_covered_display": "100"}, "missing_lines": [], "excluded_lines": []}, "SecurityConfig.should_fail": {"executed_lines": [201, 202, 204, 212, 219, 220, 222], "summary": {"covered_lines": 7, "num_statements": 7, "percent_covered": 100.0, "percent_covered_display": "100", "missing_lines": 0, "excluded_lines": 0, "percent_statements_covered": 100.0, "percent_statements_covered_display": "100"}, "missing_lines": [], "excluded_lines": []}, "SecurityConfig.to_dict": {"executed_lines": [230], "summary": {"covered_lines": 1, "num_statements": 1, "percent_covered": 100.0, "percent_covered_display": "100", "missing_lines": 0, "excluded_lines": 0, "percent_statements_covered": 100.0, "percent_statements_covered_display": "100"}, "missing_lines": [], "excluded_lines": []}, "": {"executed_lines": [1, 7, 8, 9, 10, 13, 14, 16, 17, 18, 21, 22, 24, 25, 26, 27, 28, 31, 32, 33, 35, 36, 37, 40, 41, 42, 44, 45, 46, 49, 50, 51, 53, 54, 55, 58, 59, 60, 62, 63, 66, 67, 68, 70, 71, 72, 73, 76, 77, 78, 80, 81, 82, 84, 114, 115, 116, 118, 119, 120, 121, 124, 125, 126, 157, 158, 159, 162, 165, 168, 171, 174, 175, 177, 192, 224], "summary": {"covered_lines": 65, "num_statements": 65, "percent_covered": 100.0, "percent_covered_display": "100", "missing_lines": 0, "excluded_lines": 0, "percent_statements_covered": 100.0, "percent_statements_covered_display": "100"}, "missing_lines": [], "excluded_lines": []}}, "classes": {"ScannerType": {"executed_lines": [], "summary": {"covered_lines": 0, "num_statements": 0, "percent_covered": 100.0, "percent_covered_display": "100", "missing_lines": 0, "excluded_lines": 0, "percent_statements_covered": 100.0, "percent_statements_covered_display": "100"}, "missing_lines": [], "excluded_lines": []}, "FailOnSeverity": {"executed_lines": [], "summary": {"covered_lines": 0, "num_statements": 0, "percent_covered": 100.0, "percent_covered_display": "100", "missing_lines": 0, "excluded_lines": 0, "percent_statements_covered": 100.0, "percent_statements_covered_display": "100"}, "missing_lines": [], "excluded_lines": []}, "ScannerConfig": {"executed_lines": [], "summary": {"covered_lines": 0, "num_statements": 0, "percent_covered": 100.0, "percent_covered_display": "100", "missing_lines": 0, "excluded_lines": 0, "percent_statements_covered": 100.0, "percent_statements_covered_display": "100"}, "missing_lines": [], "excluded_lines": []}, "SemgrepConfig": {"executed_lines": [], "summary": {"covered_lines": 0, "num_statements": 0, "percent_covered": 100.0, "percent_covered_display": "100", "missing_lines": 0, "excluded_lines": 0, "percent_statements_covered": 100.0, "percent_statements_covered_display": "100"}, "missing_lines": [], "excluded_lines": []}, "CodeQLConfig": {"executed_lines": [], "summary": {"covered_lines": 0, "num_statements": 0, "percent_covered": 100.0, "percent_covered_display": "100", "missing_lines": 0, "excluded_lines": 0, "percent_statements_covered": 100.0, "percent_statements_covered_display": "100"}, "missing_lines": [], "excluded_lines": []}, "BanditConfig": {"executed_lines": [], "summary": {"covered_lines": 0, "num_statements": 0, "percent_covered": 100.0, "percent_covered_display": "100", "missing_lines": 0, "excluded_lines": 0, "percent_statements_covered": 100.0, "percent_statements_covered_display": "100"}, "missing_lines": [], "excluded_lines": []}, "TriageConfig": {"executed_lines": [], "summary": {"covered_lines": 0, "num_statements": 0, "percent_covered": 100.0, "percent_covered_display": "100", "missing_lines": 0, "excluded_lines": 0, "percent_statements_covered": 100.0, "percent_statements_covered_display": "100"}, "missing_lines": [], "excluded_lines": []}, "ExclusionConfig": {"executed_lines": [93, 96, 97, 98, 101, 102, 103, 106, 107, 108, 109, 111], "summary": {"covered_lines": 12, "num_statements": 12, "percent_covered": 100.0, "percent_covered_display": "100", "missing_lines": 0, "excluded_lines": 0, "percent_statements_covered": 100.0, "percent_statements_covered_display": "100"}, "missing_lines": [], "excluded_lines": []}, "ReportingConfig": {"executed_lines": [], "summary": {"covered_lines": 0, "num_statements": 0, "percent_covered": 100.0, "percent_covered_display": "100", "missing_lines": 0, "excluded_lines": 0, "percent_statements_covered": 100.0, "percent_statements_covered_display": "100"}, "missing_lines": [], "excluded_lines": []}, "SecurityConfig": {"executed_lines": [183, 184, 185, 186, 187, 188, 189, 190, 201, 202, 204, 212, 219, 220, 222, 230], "summary": {"covered_lines": 16, "num_statements": 16, "percent_covered": 100.0, "percent_covered_display": "100", "missing_lines": 0, "excluded_lines": 0, "percent_statements_covered": 100.0, "percent_statements_covered_display": "100"}, "missing_lines": [], "excluded_lines": []}, "": {"executed_lines": [1, 7, 8, 9, 10, 13, 14, 16, 17, 18, 21, 22, 24, 25, 26, 27, 28, 31, 32, 33, 35, 36, 37, 40, 41, 42, 44, 45, 46, 49, 50, 51, 53, 54, 55, 58, 59, 60, 62, 63, 66, 67, 68, 70, 71, 72, 73, 76, 77, 78, 80, 81, 82, 84, 114, 115, 116, 118, 119, 120, 121, 124, 125, 126, 157, 158, 159, 162, 165, 168, 171, 174, 175, 177, 192, 224], "summary": {"covered_lines": 65, "num_statements": 65, "percent_covered": 100.0, "percent_covered_display": "100", "missing_lines": 0, "excluded_lines": 0, "percent_statements_covered": 100.0, "percent_statements_covered_display": "100"}, "missing_lines": [], "excluded_lines": []}}}, "src/flowspec_cli/security/config/schema.py": {"executed_lines": [1, 7, 8, 11, 12, 14, 15, 16, 17, 18, 21, 22, 23, 25, 26, 27, 28, 29, 32, 33, 38, 39, 40, 41, 43, 52, 54, 55, 64, 67, 68, 71, 72, 75, 76, 79, 80, 83, 84, 87, 89, 91, 93, 95, 107, 108, 109, 118, 120, 121, 130, 133, 134, 135, 146, 147, 150, 151, 154, 155, 159, 161, 163, 165, 166, 167, 175, 176, 177, 187, 189, 191, 193, 194, 195, 205, 206, 217, 219, 221, 223, 224, 225, 235, 236, 237, 247, 249, 251, 253, 254, 263, 264, 274, 276, 278, 280, 281, 290, 292, 293, 294, 295, 305, 307, 309, 311, 312, 321, 323, 334, 335, 336, 337, 346, 347, 357, 358, 359, 369, 371, 373, 375, 387, 388, 389, 399, 400, 401, 402, 410, 412, 414, 416, 417, 418, 428, 429, 430, 431, 439], "summary": {"covered_lines": 137, "num_statements": 143, "percent_covered": 95.8041958041958, "percent_covered_display": "96", "missing_lines": 6, "excluded_lines": 0, "percent_statements_covered": 95.8041958041958, "percent_statements_covered_display": "96"}, "missing_lines": [96, 105, 207, 324, 376, 385], "excluded_lines": [], "functions": {"ConfigSchema.validate": {"executed_lines": [52, 54, 55, 64, 67, 68, 71, 72, 75, 76, 79, 80, 83, 84, 87, 89], "summary": {"covered_lines": 16, "num_statements": 16, "percent_covered": 100.0, "percent_covered_display": "100", "missing_lines": 0, "excluded_lines": 0, "percent_statements_covered": 100.0, "percent_statements_covered_display": "100"}, "missing_lines": [], "excluded_lines": []}, "ConfigSchema._validate_scanners": {"executed_lines": [93, 95, 107, 108, 109, 118, 120, 121, 130, 133, 134, 135, 146, 147, 150, 151, 154, 155, 159], "summary": {"covered_lines": 19, "num_statements": 21, "percent_covered": 90.47619047619048, "percent_covered_display": "90", "missing_lines": 2, "excluded_lines": 0, "percent_statements_covered": 90.47619047619048, "percent_statements_covered_display": "90"}, "missing_lines": [96, 105], "excluded_lines": []}, "ConfigSchema._validate_semgrep": {"executed_lines": [163, 165, 166, 167, 175, 176, 177, 187], "summary": {"covered_lines": 8, "num_statements": 8, "percent_covered": 100.0, "percent_covered_display": "100", "missing_lines": 0, "excluded_lines": 0, "percent_statements_covered": 100.0, "percent_statements_covered_display": "100"}, "missing_lines": [], "excluded_lines": []}, "ConfigSchema._validate_codeql": {"executed_lines": [191, 193, 194, 195, 205, 206, 217], "summary": {"covered_lines": 7, "num_statements": 8, "percent_covered": 87.5, "percent_covered_display": "88", "missing_lines": 1, "excluded_lines": 0, "percent_statements_covered": 87.5, "percent_statements_covered_display": "88"}, "missing_lines": [207], "excluded_lines": []}, "ConfigSchema._validate_bandit": {"executed_lines": [221, 223, 224, 225, 235, 236, 237, 247], "summary": {"covered_lines": 8, "num_statements": 8, "percent_covered": 100.0, "percent_covered_display": "100", "missing_lines": 0, "excluded_lines": 0, "percent_statements_covered": 100.0, "percent_statements_covered_display": "100"}, "missing_lines": [], "excluded_lines": []}, "ConfigSchema._validate_fail_on": {"executed_lines": [251, 253, 254, 263, 264, 274], "summary": {"covered_lines": 6, "num_statements": 6, "percent_covered": 100.0, "percent_covered_display": "100", "missing_lines": 0, "excluded_lines": 0, "percent_statements_covered": 100.0, "percent_statements_covered_display": "100"}, "missing_lines": [], "excluded_lines": []}, "ConfigSchema._validate_exclusions": {"executed_lines": [278, 280, 281, 290, 292, 293, 294, 295, 305], "summary": {"covered_lines": 9, "num_statements": 9, "percent_covered": 100.0, "percent_covered_display": "100", "missing_lines": 0, "excluded_lines": 0, "percent_statements_covered": 100.0, "percent_statements_covered_display": "100"}, "missing_lines": [], "excluded_lines": []}, "ConfigSchema._validate_triage": {"executed_lines": [309, 311, 312, 321, 323, 334, 335, 336, 337, 346, 347, 357, 358, 359, 369], "summary": {"covered_lines": 15, "num_statements": 16, "percent_covered": 93.75, "percent_covered_display": "94", "missing_lines": 1, "excluded_lines": 0, "percent_statements_covered": 93.75, "percent_statements_covered_display": "94"}, "missing_lines": [324], "excluded_lines": []}, "ConfigSchema._validate_reporting": {"executed_lines": [373, 375, 387, 388, 389, 399, 400, 401, 402, 410], "summary": {"covered_lines": 10, "num_statements": 12, "percent_covered": 83.33333333333333, "percent_covered_display": "83", "missing_lines": 2, "excluded_lines": 0, "percent_statements_covered": 83.33333333333333, "percent_statements_covered_display": "83"}, "missing_lines": [376, 385], "excluded_lines": []}, "ConfigSchema._validate_top_level": {"executed_lines": [414, 416, 417, 418, 428, 429, 430, 431, 439], "summary": {"covered_lines": 9, "num_statements": 9, "percent_covered": 100.0, "percent_covered_display": "100", "missing_lines": 0, "excluded_lines": 0, "percent_statements_covered": 100.0, "percent_statements_covered_display": "100"}, "missing_lines": [], "excluded_lines": []}, "": {"executed_lines": [1, 7, 8, 11, 12, 14, 15, 16, 17, 18, 21, 22, 23, 25, 26, 27, 28, 29, 32, 33, 38, 39, 40, 41, 43, 91, 161, 189, 219, 249, 276, 307, 371, 412], "summary": {"covered_lines": 30, "num_statements": 30, "percent_covered": 100.0, "percent_covered_display": "100", "missing_lines": 0, "excluded_lines": 0, "percent_statements_covered": 100.0, "percent_statements_covered_display": "100"}, "missing_lines": [], "excluded_lines": []}}, "classes": {"SchemaErrorType": {"executed_lines": [], "summary": {"covered_lines": 0, "num_statements": 0, "percent_covered": 100.0, "percent_covered_display": "100", "missing_lines": 0, "excluded_lines": 0, "percent_statements_covered": 100.0, "percent_statements_covered_display": "100"}, "missing_lines": [], "excluded_lines": []}, "SchemaError": {"executed_lines": [], "summary": {"covered_lines": 0, "num_statements": 0, "percent_covered": 100.0, "percent_covered_display": "100", "missing_lines": 0, "excluded_lines": 0, "percent_statements_covered": 100.0, "percent_statements_covered_display": "100"}, "missing_lines": [], "excluded_lines": []}, "ConfigSchema": {"executed_lines": [52, 54, 55, 64, 67, 68, 71, 72, 75, 76, 79, 80, 83, 84, 87, 89, 93, 95, 107, 108, 109, 118, 120, 121, 130, 133, 134, 135, 146, 147, 150, 151, 154, 155, 159, 163, 165, 166, 167, 175, 176, 177, 187, 191, 193, 194, 195, 205, 206, 217, 221, 223, 224, 225, 235, 236, 237, 247, 251, 253, 254, 263, 264, 274, 278, 280, 281, 290, 292, 293, 294, 295, 305, 309, 311, 312, 321, 323, 334, 335, 336, 337, 346, 347, 357, 358, 359, 369, 373, 375, 387, 388, 389, 399, 400, 401, 402, 410, 414, 416, 417, 418, 428, 429, 430, 431, 439], "summary": {"covered_lines": 107, "num_statements": 113, "percent_covered": 94.69026548672566, "percent_covered_display": "95", "missing_lines": 6, "excluded_lines": 0, "percent_statements_covered": 94.69026548672566, "percent_statements_covered_display": "95"}, "missing_lines": [96, 105, 207, 324, 376, 385], "excluded_lines": []}, "": {"executed_lines": [1, 7, 8, 11, 12, 14, 15, 16, 17, 18, 21, 22, 23, 25, 26, 27, 28, 29, 32, 33, 38, 39, 40, 41, 43, 91, 161, 189, 219, 249, 276, 307, 371, 412], "summary": {"covered_lines": 30, "num_statements": 30, "percent_covered": 100.0, "percent_covered_display": "100", "missing_lines": 0, "excluded_lines": 0, "percent_statements_covered": 100.0, "percent_statements_covered_display": "100"}, "missing_lines": [], "excluded_lines": []}}}, "src/flowspec_cli/security/dast/__init__.py": {"executed_lines": [1, 16, 21, 22, 29], "summary": {"covered_lines": 4, "num_statements": 4, "percent_covered": 100.0, "percent_covered_display": "100", "missing_lines": 0, "excluded_lines": 0, "percent_statements_covered": 100.0, "percent_statements_covered_display": "100"}, "missing_lines": [], "excluded_lines": [], "functions": {"": {"executed_lines": [1, 16, 21, 22, 29], "summary": {"covered_lines": 4, "num_statements": 4, "percent_covered": 100.0, "percent_covered_display": "100", "missing_lines": 0, "excluded_lines": 0, "percent_statements_covered": 100.0, "percent_statements_covered_display": "100"}, "missing_lines": [], "excluded_lines": []}}, "classes": {"": {"executed_lines": [1, 16, 21, 22, 29], "summary": {"covered_lines": 4, "num_statements": 4, "percent_covered": 100.0, "percent_covered_display": "100", "missing_lines": 0, "excluded_lines": 0, "percent_statements_covered": 100.0, "percent_statements_covered_display": "100"}, "missing_lines": [], "excluded_lines": []}}}, "src/flowspec_cli/security/dast/crawler.py": {"executed_lines": [1, 7, 8, 9, 10, 11, 13, 16, 17, 18, 30, 31, 32, 33, 34, 35, 36, 39, 40, 41, 52, 53, 54, 55, 56, 57, 60, 61, 62, 73, 74, 75, 76, 77, 78, 81, 82, 94, 100, 101, 102, 103, 104, 105, 106, 108, 118, 119, 120, 121, 125, 182, 220, 284, 327, 363, 372, 373, 376, 377, 378, 381, 382, 383, 386, 406, 407, 409], "summary": {"covered_lines": 63, "num_statements": 156, "percent_covered": 40.38461538461539, "percent_covered_display": "40", "missing_lines": 93, "excluded_lines": 0, "percent_statements_covered": 40.38461538461539, "percent_statements_covered_display": "40"}, "missing_lines": [127, 129, 130, 131, 132, 138, 139, 140, 141, 142, 143, 145, 148, 151, 152, 154, 155, 157, 158, 160, 163, 165, 167, 168, 169, 171, 173, 190, 192, 193, 196, 199, 200, 203, 204, 207, 210, 211, 212, 214, 215, 218, 230, 232, 233, 235, 236, 237, 240, 241, 245, 246, 247, 248, 250, 251, 260, 266, 277, 278, 279, 280, 282, 294, 296, 298, 302, 303, 304, 305, 307, 308, 320, 321, 322, 323, 325, 337, 339, 340, 342, 343, 344, 345, 348, 351, 353, 354, 356, 357, 358, 359, 361], "excluded_lines": [], "functions": {"PlaywrightCrawler.__init__": {"executed_lines": [100, 101, 102, 103, 104, 105, 106], "summary": {"covered_lines": 7, "num_statements": 7, "percent_covered": 100.0, "percent_covered_display": "100", "missing_lines": 0, "excluded_lines": 0, "percent_statements_covered": 100.0, "percent_statements_covered_display": "100"}, "missing_lines": [], "excluded_lines": []}, "PlaywrightCrawler.crawl": {"executed_lines": [118, 119, 120, 121, 125], "summary": {"covered_lines": 5, "num_statements": 32, "percent_covered": 15.625, "percent_covered_display": "16", "missing_lines": 27, "excluded_lines": 0, "percent_statements_covered": 15.625, "percent_statements_covered_display": "16"}, "missing_lines": [127, 129, 130, 131, 132, 138, 139, 140, 141, 142, 143, 145, 148, 151, 152, 154, 155, 157, 158, 160, 163, 165, 167, 168, 169, 171, 173], "excluded_lines": []}, "PlaywrightCrawler._crawl_page": {"executed_lines": [], "summary": {"covered_lines": 0, "num_statements": 15, "percent_covered": 0.0, "percent_covered_display": "0", "missing_lines": 15, "excluded_lines": 0, "percent_statements_covered": 0.0, "percent_statements_covered_display": "0"}, "missing_lines": [190, 192, 193, 196, 199, 200, 203, 204, 207, 210, 211, 212, 214, 215, 218], "excluded_lines": []}, "PlaywrightCrawler._extract_forms": {"executed_lines": [], "summary": {"covered_lines": 0, "num_statements": 21, "percent_covered": 0.0, "percent_covered_display": "0", "missing_lines": 21, "excluded_lines": 0, "percent_statements_covered": 0.0, "percent_statements_covered_display": "0"}, "missing_lines": [230, 232, 233, 235, 236, 237, 240, 241, 245, 246, 247, 248, 250, 251, 260, 266, 277, 278, 279, 280, 282], "excluded_lines": []}, "PlaywrightCrawler._extract_inputs": {"executed_lines": [], "summary": {"covered_lines": 0, "num_statements": 14, "percent_covered": 0.0, "percent_covered_display": "0", "missing_lines": 14, "excluded_lines": 0, "percent_statements_covered": 0.0, "percent_statements_covered_display": "0"}, "missing_lines": [294, 296, 298, 302, 303, 304, 305, 307, 308, 320, 321, 322, 323, 325], "excluded_lines": []}, "PlaywrightCrawler._extract_links": {"executed_lines": [], "summary": {"covered_lines": 0, "num_statements": 16, "percent_covered": 0.0, "percent_covered_display": "0", "missing_lines": 16, "excluded_lines": 0, "percent_statements_covered": 0.0, "percent_statements_covered_display": "0"}, "missing_lines": [337, 339, 340, 342, 343, 344, 345, 348, 351, 353, 354, 356, 357, 358, 359, 361], "excluded_lines": []}, "PlaywrightCrawler._should_crawl": {"executed_lines": [372, 373, 376, 377, 378, 381, 382, 383, 386, 406, 407, 409], "summary": {"covered_lines": 12, "num_statements": 12, "percent_covered": 100.0, "percent_covered_display": "100", "missing_lines": 0, "excluded_lines": 0, "percent_statements_covered": 100.0, "percent_statements_covered_display": "100"}, "missing_lines": [], "excluded_lines": []}, "": {"executed_lines": [1, 7, 8, 9, 10, 11, 13, 16, 17, 18, 30, 31, 32, 33, 34, 35, 36, 39, 40, 41, 52, 53, 54, 55, 56, 57, 60, 61, 62, 73, 74, 75, 76, 77, 78, 81, 82, 94, 108, 182, 220, 284, 327, 363], "summary": {"covered_lines": 39, "num_statements": 39, "percent_covered": 100.0, "percent_covered_display": "100", "missing_lines": 0, "excluded_lines": 0, "percent_statements_covered": 100.0, "percent_statements_covered_display": "100"}, "missing_lines": [], "excluded_lines": []}}, "classes": {"CrawlConfig": {"executed_lines": [], "summary": {"covered_lines": 0, "num_statements": 0, "percent_covered": 100.0, "percent_covered_display": "100", "missing_lines": 0, "excluded_lines": 0, "percent_statements_covered": 100.0, "percent_statements_covered_display": "100"}, "missing_lines": [], "excluded_lines": []}, "FormData": {"executed_lines": [], "summary": {"covered_lines": 0, "num_statements": 0, "percent_covered": 100.0, "percent_covered_display": "100", "missing_lines": 0, "excluded_lines": 0, "percent_statements_covered": 100.0, "percent_statements_covered_display": "100"}, "missing_lines": [], "excluded_lines": []}, "CrawlResult": {"executed_lines": [], "summary": {"covered_lines": 0, "num_statements": 0, "percent_covered": 100.0, "percent_covered_display": "100", "missing_lines": 0, "excluded_lines": 0, "percent_statements_covered": 100.0, "percent_statements_covered_display": "100"}, "missing_lines": [], "excluded_lines": []}, "PlaywrightCrawler": {"executed_lines": [100, 101, 102, 103, 104, 105, 106, 118, 119, 120, 121, 125, 372, 373, 376, 377, 378, 381, 382, 383, 386, 406, 407, 409], "summary": {"covered_lines": 24, "num_statements": 117, "percent_covered": 20.512820512820515, "percent_covered_display": "21", "missing_lines": 93, "excluded_lines": 0, "percent_statements_covered": 20.512820512820515, "percent_statements_covered_display": "21"}, "missing_lines": [127, 129, 130, 131, 132, 138, 139, 140, 141, 142, 143, 145, 148, 151, 152, 154, 155, 157, 158, 160, 163, 165, 167, 168, 169, 171, 173, 190, 192, 193, 196, 199, 200, 203, 204, 207, 210, 211, 212, 214, 215, 218, 230, 232, 233, 235, 236, 237, 240, 241, 245, 246, 247, 248, 250, 251, 260, 266, 277, 278, 279, 280, 282, 294, 296, 298, 302, 303, 304, 305, 307, 308, 320, 321, 322, 323, 325, 337, 339, 340, 342, 343, 344, 345, 348, 351, 353, 354, 356, 357, 358, 359, 361], "excluded_lines": []}, "": {"executed_lines": [1, 7, 8, 9, 10, 11, 13, 16, 17, 18, 30, 31, 32, 33, 34, 35, 36, 39, 40, 41, 52, 53, 54, 55, 56, 57, 60, 61, 62, 73, 74, 75, 76, 77, 78, 81, 82, 94, 108, 182, 220, 284, 327, 363], "summary": {"covered_lines": 39, "num_statements": 39, "percent_covered": 100.0, "percent_covered_display": "100", "missing_lines": 0, "excluded_lines": 0, "percent_statements_covered": 100.0, "percent_statements_covered_display": "100"}, "missing_lines": [], "excluded_lines": []}}}, "src/flowspec_cli/security/dast/scanner.py": {"executed_lines": [1, 7, 8, 9, 10, 11, 13, 14, 21, 24, 25, 26, 37, 38, 39, 40, 41, 42, 45, 46, 68, 85, 86, 87, 88, 89, 91, 233, 246, 257, 259, 261, 268, 271, 272, 273, 274, 276, 279, 289, 293, 301, 320, 322, 324, 333, 343, 345, 354, 379], "summary": {"covered_lines": 47, "num_statements": 112, "percent_covered": 41.964285714285715, "percent_covered_display": "42", "missing_lines": 65, "excluded_lines": 1, "percent_statements_covered": 41.964285714285715, "percent_statements_covered_display": "42"}, "missing_lines": [101, 102, 103, 104, 109, 112, 122, 125, 126, 129, 130, 131, 132, 135, 136, 137, 140, 141, 142, 143, 144, 145, 147, 150, 151, 152, 155, 158, 160, 162, 165, 166, 169, 170, 172, 173, 175, 178, 179, 180, 182, 183, 184, 185, 186, 187, 191, 194, 195, 197, 200, 203, 206, 209, 210, 211, 212, 213, 214, 215, 217, 219, 222, 224, 244], "excluded_lines": [46], "functions": {"DASTScanner.__init__": {"executed_lines": [85, 86, 87, 88, 89], "summary": {"covered_lines": 5, "num_statements": 5, "percent_covered": 100.0, "percent_covered_display": "100", "missing_lines": 0, "excluded_lines": 0, "percent_statements_covered": 100.0, "percent_statements_covered_display": "100"}, "missing_lines": [], "excluded_lines": []}, "DASTScanner.scan": {"executed_lines": [], "summary": {"covered_lines": 0, "num_statements": 64, "percent_covered": 0.0, "percent_covered_display": "0", "missing_lines": 64, "excluded_lines": 0, "percent_statements_covered": 0.0, "percent_statements_covered_display": "0"}, "missing_lines": [101, 102, 103, 104, 109, 112, 122, 125, 126, 129, 130, 131, 132, 135, 136, 137, 140, 141, 142, 143, 144, 145, 147, 150, 151, 152, 155, 158, 160, 162, 165, 166, 169, 170, 172, 173, 175, 178, 179, 180, 182, 183, 184, 185, 186, 187, 191, 194, 195, 197, 200, 203, 206, 209, 210, 211, 212, 213, 214, 215, 217, 219, 222, 224], "excluded_lines": []}, "DASTScanner.scan_sync": {"executed_lines": [], "summary": {"covered_lines": 0, "num_statements": 1, "percent_covered": 0.0, "percent_covered_display": "0", "missing_lines": 1, "excluded_lines": 0, "percent_statements_covered": 0.0, "percent_statements_covered_display": "0"}, "missing_lines": [244], "excluded_lines": []}, "DASTScanner._convert_to_findings": {"executed_lines": [257, 259, 261, 268, 271, 272, 273, 274, 276, 279, 289, 293, 301, 320, 322], "summary": {"covered_lines": 15, "num_statements": 15, "percent_covered": 100.0, "percent_covered_display": "100", "missing_lines": 0, "excluded_lines": 0, "percent_statements_covered": 100.0, "percent_statements_covered_display": "100"}, "missing_lines": [], "excluded_lines": []}, "DASTScanner._get_title": {"executed_lines": [333, 343], "summary": {"covered_lines": 2, "num_statements": 2, "percent_covered": 100.0, "percent_covered_display": "100", "missing_lines": 0, "excluded_lines": 0, "percent_statements_covered": 100.0, "percent_statements_covered_display": "100"}, "missing_lines": [], "excluded_lines": []}, "DASTScanner._get_references": {"executed_lines": [354, 379], "summary": {"covered_lines": 2, "num_statements": 2, "percent_covered": 100.0, "percent_covered_display": "100", "missing_lines": 0, "excluded_lines": 0, "percent_statements_covered": 100.0, "percent_statements_covered_display": "100"}, "missing_lines": [], "excluded_lines": []}, "": {"executed_lines": [1, 7, 8, 9, 10, 11, 13, 14, 21, 24, 25, 26, 37, 38, 39, 40, 41, 42, 45, 46, 68, 91, 233, 246, 324, 345], "summary": {"covered_lines": 23, "num_statements": 23, "percent_covered": 100.0, "percent_covered_display": "100", "missing_lines": 0, "excluded_lines": 1, "percent_statements_covered": 100.0, "percent_statements_covered_display": "100"}, "missing_lines": [], "excluded_lines": [46]}}, "classes": {"DASTScanResult": {"executed_lines": [], "summary": {"covered_lines": 0, "num_statements": 0, "percent_covered": 100.0, "percent_covered_display": "100", "missing_lines": 0, "excluded_lines": 0, "percent_statements_covered": 100.0, "percent_statements_covered_display": "100"}, "missing_lines": [], "excluded_lines": []}, "DASTScanner": {"executed_lines": [85, 86, 87, 88, 89, 257, 259, 261, 268, 271, 272, 273, 274, 276, 279, 289, 293, 301, 320, 322, 333, 343, 354, 379], "summary": {"covered_lines": 24, "num_statements": 89, "percent_covered": 26.96629213483146, "percent_covered_display": "27", "missing_lines": 65, "excluded_lines": 0, "percent_statements_covered": 26.96629213483146, "percent_statements_covered_display": "27"}, "missing_lines": [101, 102, 103, 104, 109, 112, 122, 125, 126, 129, 130, 131, 132, 135, 136, 137, 140, 141, 142, 143, 144, 145, 147, 150, 151, 152, 155, 158, 160, 162, 165, 166, 169, 170, 172, 173, 175, 178, 179, 180, 182, 183, 184, 185, 186, 187, 191, 194, 195, 197, 200, 203, 206, 209, 210, 211, 212, 213, 214, 215, 217, 219, 222, 224, 244], "excluded_lines": []}, "": {"executed_lines": [1, 7, 8, 9, 10, 11, 13, 14, 21, 24, 25, 26, 37, 38, 39, 40, 41, 42, 45, 46, 68, 91, 233, 246, 324, 345], "summary": {"covered_lines": 23, "num_statements": 23, "percent_covered": 100.0, "percent_covered_display": "100", "missing_lines": 0, "excluded_lines": 1, "percent_statements_covered": 100.0, "percent_statements_covered_display": "100"}, "missing_lines": [], "excluded_lines": [46]}}}, "src/flowspec_cli/security/dast/vulnerabilities.py": {"executed_lines": [1, 7, 8, 10, 13, 14, 15, 28, 29, 30, 31, 32, 33, 34, 35, 38, 39, 49, 68, 126, 161, 162, 171, 214, 223, 225, 226, 227, 230, 231, 232, 250, 253, 254, 263, 326, 337, 339, 340, 341, 342, 343, 346, 347, 349, 350, 351, 352, 353, 354, 356, 357, 375, 378, 379, 389], "summary": {"covered_lines": 50, "num_statements": 121, "percent_covered": 41.32231404958678, "percent_covered_display": "41", "missing_lines": 71, "excluded_lines": 0, "percent_statements_covered": 41.32231404958678, "percent_statements_covered_display": "41"}, "missing_lines": [78, 79, 80, 82, 83, 85, 86, 88, 91, 94, 96, 102, 103, 119, 121, 122, 124, 136, 138, 140, 141, 143, 145, 146, 149, 150, 152, 153, 155, 156, 158, 181, 184, 185, 187, 189, 190, 209, 210, 212, 279, 281, 283, 284, 285, 288, 296, 298, 301, 319, 321, 322, 324, 398, 400, 402, 403, 404, 406, 409, 410, 429, 430, 449, 450, 451, 469, 470, 483, 484, 486], "excluded_lines": [], "functions": {"XSSDetector.test_input": {"executed_lines": [], "summary": {"covered_lines": 0, "num_statements": 17, "percent_covered": 0.0, "percent_covered_display": "0", "missing_lines": 17, "excluded_lines": 0, "percent_statements_covered": 0.0, "percent_statements_covered_display": "0"}, "missing_lines": [78, 79, 80, 82, 83, 85, 86, 88, 91, 94, 96, 102, 103, 119, 121, 122, 124], "excluded_lines": []}, "XSSDetector.test_form": {"executed_lines": [], "summary": {"covered_lines": 0, "num_statements": 14, "percent_covered": 0.0, "percent_covered_display": "0", "missing_lines": 14, "excluded_lines": 0, "percent_statements_covered": 0.0, "percent_statements_covered_display": "0"}, "missing_lines": [136, 138, 140, 141, 143, 145, 146, 149, 150, 152, 153, 155, 156, 158], "excluded_lines": []}, "CSRFDetector.test_form": {"executed_lines": [], "summary": {"covered_lines": 0, "num_statements": 9, "percent_covered": 0.0, "percent_covered_display": "0", "missing_lines": 9, "excluded_lines": 0, "percent_statements_covered": 0.0, "percent_statements_covered_display": "0"}, "missing_lines": [181, 184, 185, 187, 189, 190, 209, 210, 212], "excluded_lines": []}, "CSRFDetector.test_cookies": {"executed_lines": [223, 225, 226, 227, 230, 231, 232, 250], "summary": {"covered_lines": 8, "num_statements": 8, "percent_covered": 100.0, "percent_covered_display": "100", "missing_lines": 0, "excluded_lines": 0, "percent_statements_covered": 100.0, "percent_statements_covered_display": "100"}, "missing_lines": [], "excluded_lines": []}, "SessionTester.test_session_fixation": {"executed_lines": [], "summary": {"covered_lines": 0, "num_statements": 13, "percent_covered": 0.0, "percent_covered_display": "0", "missing_lines": 13, "excluded_lines": 0, "percent_statements_covered": 0.0, "percent_statements_covered_display": "0"}, "missing_lines": [279, 281, 283, 284, 285, 288, 296, 298, 301, 319, 321, 322, 324], "excluded_lines": []}, "SessionTester.test_cookie_security": {"executed_lines": [337, 339, 340, 341, 342, 343, 346, 347, 349, 350, 351, 352, 353, 354, 356, 357, 375], "summary": {"covered_lines": 17, "num_statements": 17, "percent_covered": 100.0, "percent_covered_display": "100", "missing_lines": 0, "excluded_lines": 0, "percent_statements_covered": 100.0, "percent_statements_covered_display": "100"}, "missing_lines": [], "excluded_lines": []}, "SecurityHeadersTester.test_headers": {"executed_lines": [], "summary": {"covered_lines": 0, "num_statements": 18, "percent_covered": 0.0, "percent_covered_display": "0", "missing_lines": 18, "excluded_lines": 0, "percent_statements_covered": 0.0, "percent_statements_covered_display": "0"}, "missing_lines": [398, 400, 402, 403, 404, 406, 409, 410, 429, 430, 449, 450, 451, 469, 470, 483, 484, 486], "excluded_lines": []}, "": {"executed_lines": [1, 7, 8, 10, 13, 14, 15, 28, 29, 30, 31, 32, 33, 34, 35, 38, 39, 49, 68, 126, 161, 162, 171, 214, 253, 254, 263, 326, 378, 379, 389], "summary": {"covered_lines": 25, "num_statements": 25, "percent_covered": 100.0, "percent_covered_display": "100", "missing_lines": 0, "excluded_lines": 0, "percent_statements_covered": 100.0, "percent_statements_covered_display": "100"}, "missing_lines": [], "excluded_lines": []}}, "classes": {"VulnerabilityResult": {"executed_lines": [], "summary": {"covered_lines": 0, "num_statements": 0, "percent_covered": 100.0, "percent_covered_display": "100", "missing_lines": 0, "excluded_lines": 0, "percent_statements_covered": 100.0, "percent_statements_covered_display": "100"}, "missing_lines": [], "excluded_lines": []}, "XSSDetector": {"executed_lines": [], "summary": {"covered_lines": 0, "num_statements": 31, "percent_covered": 0.0, "percent_covered_display": "0", "missing_lines": 31, "excluded_lines": 0, "percent_statements_covered": 0.0, "percent_statements_covered_display": "0"}, "missing_lines": [78, 79, 80, 82, 83, 85, 86, 88, 91, 94, 96, 102, 103, 119, 121, 122, 124, 136, 138, 140, 141, 143, 145, 146, 149, 150, 152, 153, 155, 156, 158], "excluded_lines": []}, "CSRFDetector": {"executed_lines": [223, 225, 226, 227, 230, 231, 232, 250], "summary": {"covered_lines": 8, "num_statements": 17, "percent_covered": 47.05882352941177, "percent_covered_display": "47", "missing_lines": 9, "excluded_lines": 0, "percent_statements_covered": 47.05882352941177, "percent_statements_covered_display": "47"}, "missing_lines": [181, 184, 185, 187, 189, 190, 209, 210, 212], "excluded_lines": []}, "SessionTester": {"executed_lines": [337, 339, 340, 341, 342, 343, 346, 347, 349, 350, 351, 352, 353, 354, 356, 357, 375], "summary": {"covered_lines": 17, "num_statements": 30, "percent_covered": 56.666666666666664, "percent_covered_display": "57", "missing_lines": 13, "excluded_lines": 0, "percent_statements_covered": 56.666666666666664, "percent_statements_covered_display": "57"}, "missing_lines": [279, 281, 283, 284, 285, 288, 296, 298, 301, 319, 321, 322, 324], "excluded_lines": []}, "SecurityHeadersTester": {"executed_lines": [], "summary": {"covered_lines": 0, "num_statements": 18, "percent_covered": 0.0, "percent_covered_display": "0", "missing_lines": 18, "excluded_lines": 0, "percent_statements_covered": 0.0, "percent_statements_covered_display": "0"}, "missing_lines": [398, 400, 402, 403, 404, 406, 409, 410, 429, 430, 449, 450, 451, 469, 470, 483, 484, 486], "excluded_lines": []}, "": {"executed_lines": [1, 7, 8, 10, 13, 14, 15, 28, 29, 30, 31, 32, 33, 34, 35, 38, 39, 49, 68, 126, 161, 162, 171, 214, 253, 254, 263, 326, 378, 379, 389], "summary": {"covered_lines": 25, "num_statements": 25, "percent_covered": 100.0, "percent_covered_display": "100", "missing_lines": 0, "excluded_lines": 0, "percent_statements_covered": 100.0, "percent_statements_covered_display": "100"}, "missing_lines": [], "excluded_lines": []}}}, "src/flowspec_cli/security/exporters/__init__.py": {"executed_lines": [1, 13, 14, 15, 16, 18], "summary": {"covered_lines": 5, "num_statements": 5, "percent_covered": 100.0, "percent_covered_display": "100", "missing_lines": 0, "excluded_lines": 0, "percent_statements_covered": 100.0, "percent_statements_covered_display": "100"}, "missing_lines": [], "excluded_lines": [], "functions": {"": {"executed_lines": [1, 13, 14, 15, 16, 18], "summary": {"covered_lines": 5, "num_statements": 5, "percent_covered": 100.0, "percent_covered_display": "100", "missing_lines": 0, "excluded_lines": 0, "percent_statements_covered": 100.0, "percent_statements_covered_display": "100"}, "missing_lines": [], "excluded_lines": []}}, "classes": {"": {"executed_lines": [1, 13, 14, 15, 16, 18], "summary": {"covered_lines": 5, "num_statements": 5, "percent_covered": 100.0, "percent_covered_display": "100", "missing_lines": 0, "excluded_lines": 0, "percent_statements_covered": 100.0, "percent_statements_covered_display": "100"}, "missing_lines": [], "excluded_lines": []}}}, "src/flowspec_cli/security/exporters/base.py": {"executed_lines": [1, 6, 7, 9, 12, 13, 19, 20], "summary": {"covered_lines": 6, "num_statements": 6, "percent_covered": 100.0, "percent_covered_display": "100", "missing_lines": 0, "excluded_lines": 2, "percent_statements_covered": 100.0, "percent_statements_covered_display": "100"}, "missing_lines": [], "excluded_lines": [29, 30], "functions": {"BaseExporter.export": {"executed_lines": [], "summary": {"covered_lines": 0, "num_statements": 0, "percent_covered": 100.0, "percent_covered_display": "100", "missing_lines": 0, "excluded_lines": 1, "percent_statements_covered": 100.0, "percent_statements_covered_display": "100"}, "missing_lines": [], "excluded_lines": [29]}, "": {"executed_lines": [1, 6, 7, 9, 12, 13, 19, 20], "summary": {"covered_lines": 6, "num_statements": 6, "percent_covered": 100.0, "percent_covered_display": "100", "missing_lines": 0, "excluded_lines": 0, "percent_statements_covered": 100.0, "percent_statements_covered_display": "100"}, "missing_lines": [], "excluded_lines": []}}, "classes": {"BaseExporter": {"executed_lines": [], "summary": {"covered_lines": 0, "num_statements": 0, "percent_covered": 100.0, "percent_covered_display": "100", "missing_lines": 0, "excluded_lines": 1, "percent_statements_covered": 100.0, "percent_statements_covered_display": "100"}, "missing_lines": [], "excluded_lines": [29]}, "": {"executed_lines": [1, 6, 7, 9, 12, 13, 19, 20], "summary": {"covered_lines": 6, "num_statements": 6, "percent_covered": 100.0, "percent_covered_display": "100", "missing_lines": 0, "excluded_lines": 0, "percent_statements_covered": 100.0, "percent_statements_covered_display": "100"}, "missing_lines": [], "excluded_lines": []}}}, "src/flowspec_cli/security/exporters/json.py": {"executed_lines": [1, 6, 7, 9, 10, 13, 14, 26, 32, 34, 57, 61, 62, 63, 65, 74], "summary": {"covered_lines": 14, "num_statements": 14, "percent_covered": 100.0, "percent_covered_display": "100", "missing_lines": 0, "excluded_lines": 1, "percent_statements_covered": 100.0, "percent_statements_covered_display": "100"}, "missing_lines": [], "excluded_lines": [35], "functions": {"JSONExporter.__init__": {"executed_lines": [32], "summary": {"covered_lines": 1, "num_statements": 1, "percent_covered": 100.0, "percent_covered_display": "100", "missing_lines": 0, "excluded_lines": 0, "percent_statements_covered": 100.0, "percent_statements_covered_display": "100"}, "missing_lines": [], "excluded_lines": []}, "JSONExporter.export": {"executed_lines": [57, 61, 62, 63], "summary": {"covered_lines": 4, "num_statements": 4, "percent_covered": 100.0, "percent_covered_display": "100", "missing_lines": 0, "excluded_lines": 1, "percent_statements_covered": 100.0, "percent_statements_covered_display": "100"}, "missing_lines": [], "excluded_lines": [35]}, "JSONExporter.export_dict": {"executed_lines": [74], "summary": {"covered_lines": 1, "num_statements": 1, "percent_covered": 100.0, "percent_covered_display": "100", "missing_lines": 0, "excluded_lines": 0, "percent_statements_covered": 100.0, "percent_statements_covered_display": "100"}, "missing_lines": [], "excluded_lines": []}, "": {"executed_lines": [1, 6, 7, 9, 10, 13, 14, 26, 34, 65], "summary": {"covered_lines": 8, "num_statements": 8, "percent_covered": 100.0, "percent_covered_display": "100", "missing_lines": 0, "excluded_lines": 0, "percent_statements_covered": 100.0, "percent_statements_covered_display": "100"}, "missing_lines": [], "excluded_lines": []}}, "classes": {"JSONExporter": {"executed_lines": [32, 57, 61, 62, 63, 74], "summary": {"covered_lines": 6, "num_statements": 6, "percent_covered": 100.0, "percent_covered_display": "100", "missing_lines": 0, "excluded_lines": 1, "percent_statements_covered": 100.0, "percent_statements_covered_display": "100"}, "missing_lines": [], "excluded_lines": [35]}, "": {"executed_lines": [1, 6, 7, 9, 10, 13, 14, 26, 34, 65], "summary": {"covered_lines": 8, "num_statements": 8, "percent_covered": 100.0, "percent_covered_display": "100", "missing_lines": 0, "excluded_lines": 0, "percent_statements_covered": 100.0, "percent_statements_covered_display": "100"}, "missing_lines": [], "excluded_lines": []}}}, "src/flowspec_cli/security/exporters/markdown.py": {"executed_lines": [1, 7, 8, 10, 11, 14, 15, 29, 44, 53, 54, 55, 57, 58, 59, 60, 61, 62, 63, 64, 65, 66, 69, 70, 71, 72, 74, 75, 77, 78, 80, 82, 92, 103, 104, 107, 108, 109, 110, 111, 112, 115, 116, 117, 118, 121, 122, 123, 124, 125, 127, 129, 138, 145], "summary": {"covered_lines": 52, "num_statements": 52, "percent_covered": 100.0, "percent_covered_display": "100", "missing_lines": 0, "excluded_lines": 0, "percent_statements_covered": 100.0, "percent_statements_covered_display": "100"}, "missing_lines": [], "excluded_lines": [], "functions": {"MarkdownExporter.export": {"executed_lines": [44, 53, 54, 55, 57, 58, 59, 60, 61, 62, 63, 64, 65, 66, 69, 70, 71, 72, 74, 75, 77, 78, 80], "summary": {"covered_lines": 23, "num_statements": 23, "percent_covered": 100.0, "percent_covered_display": "100", "missing_lines": 0, "excluded_lines": 0, "percent_statements_covered": 100.0, "percent_statements_covered_display": "100"}, "missing_lines": [], "excluded_lines": []}, "MarkdownExporter._format_finding": {"executed_lines": [92, 103, 104, 107, 108, 109, 110, 111, 112, 115, 116, 117, 118, 121, 122, 123, 124, 125, 127], "summary": {"covered_lines": 19, "num_statements": 19, "percent_covered": 100.0, "percent_covered_display": "100", "missing_lines": 0, "excluded_lines": 0, "percent_statements_covered": 100.0, "percent_statements_covered_display": "100"}, "missing_lines": [], "excluded_lines": []}, "MarkdownExporter._severity_emoji": {"executed_lines": [138, 145], "summary": {"covered_lines": 2, "num_statements": 2, "percent_covered": 100.0, "percent_covered_display": "100", "missing_lines": 0, "excluded_lines": 0, "percent_statements_covered": 100.0, "percent_statements_covered_display": "100"}, "missing_lines": [], "excluded_lines": []}, "": {"executed_lines": [1, 7, 8, 10, 11, 14, 15, 29, 82, 129], "summary": {"covered_lines": 8, "num_statements": 8, "percent_covered": 100.0, "percent_covered_display": "100", "missing_lines": 0, "excluded_lines": 0, "percent_statements_covered": 100.0, "percent_statements_covered_display": "100"}, "missing_lines": [], "excluded_lines": []}}, "classes": {"MarkdownExporter": {"executed_lines": [44, 53, 54, 55, 57, 58, 59, 60, 61, 62, 63, 64, 65, 66, 69, 70, 71, 72, 74, 75, 77, 78, 80, 92, 103, 104, 107, 108, 109, 110, 111, 112, 115, 116, 117, 118, 121, 122, 123, 124, 125, 127, 138, 145], "summary": {"covered_lines": 44, "num_statements": 44, "percent_covered": 100.0, "percent_covered_display": "100", "missing_lines": 0, "excluded_lines": 0, "percent_statements_covered": 100.0, "percent_statements_covered_display": "100"}, "missing_lines": [], "excluded_lines": []}, "": {"executed_lines": [1, 7, 8, 10, 11, 14, 15, 29, 82, 129], "summary": {"covered_lines": 8, "num_statements": 8, "percent_covered": 100.0, "percent_covered_display": "100", "missing_lines": 0, "excluded_lines": 0, "percent_statements_covered": 100.0, "percent_statements_covered_display": "100"}, "missing_lines": [], "excluded_lines": []}}}, "src/flowspec_cli/security/exporters/sarif.py": {"executed_lines": [1, 14, 15, 17, 18, 21, 22, 36, 47, 48, 50, 70, 71, 72, 75, 76, 77, 78, 80, 86, 103, 104, 105, 106, 107, 109, 121, 134, 136, 151, 152, 153, 154, 157, 158, 160], "summary": {"covered_lines": 34, "num_statements": 35, "percent_covered": 97.14285714285714, "percent_covered_display": "97", "missing_lines": 1, "excluded_lines": 0, "percent_statements_covered": 97.14285714285714, "percent_statements_covered_display": "97"}, "missing_lines": [155], "excluded_lines": [], "functions": {"SARIFExporter.__init__": {"executed_lines": [47, 48], "summary": {"covered_lines": 2, "num_statements": 2, "percent_covered": 100.0, "percent_covered_display": "100", "missing_lines": 0, "excluded_lines": 0, "percent_statements_covered": 100.0, "percent_statements_covered_display": "100"}, "missing_lines": [], "excluded_lines": []}, "SARIFExporter.export": {"executed_lines": [70, 71, 72, 75, 76, 77, 78, 80], "summary": {"covered_lines": 8, "num_statements": 8, "percent_covered": 100.0, "percent_covered_display": "100", "missing_lines": 0, "excluded_lines": 0, "percent_statements_covered": 100.0, "percent_statements_covered_display": "100"}, "missing_lines": [], "excluded_lines": []}, "SARIFExporter._create_run": {"executed_lines": [103, 104, 105, 106, 107, 109], "summary": {"covered_lines": 6, "num_statements": 6, "percent_covered": 100.0, "percent_covered_display": "100", "missing_lines": 0, "excluded_lines": 0, "percent_statements_covered": 100.0, "percent_statements_covered_display": "100"}, "missing_lines": [], "excluded_lines": []}, "SARIFExporter._create_rule": {"executed_lines": [134, 136, 151, 152, 153, 154, 157, 158, 160], "summary": {"covered_lines": 9, "num_statements": 10, "percent_covered": 90.0, "percent_covered_display": "90", "missing_lines": 1, "excluded_lines": 0, "percent_statements_covered": 90.0, "percent_statements_covered_display": "90"}, "missing_lines": [155], "excluded_lines": []}, "": {"executed_lines": [1, 14, 15, 17, 18, 21, 22, 36, 50, 86, 121], "summary": {"covered_lines": 9, "num_statements": 9, "percent_covered": 100.0, "percent_covered_display": "100", "missing_lines": 0, "excluded_lines": 0, "percent_statements_covered": 100.0, "percent_statements_covered_display": "100"}, "missing_lines": [], "excluded_lines": []}}, "classes": {"SARIFExporter": {"executed_lines": [47, 48, 70, 71, 72, 75, 76, 77, 78, 80, 103, 104, 105, 106, 107, 109, 134, 136, 151, 152, 153, 154, 157, 158, 160], "summary": {"covered_lines": 25, "num_statements": 26, "percent_covered": 96.15384615384616, "percent_covered_display": "96", "missing_lines": 1, "excluded_lines": 0, "percent_statements_covered": 96.15384615384616, "percent_statements_covered_display": "96"}, "missing_lines": [155], "excluded_lines": []}, "": {"executed_lines": [1, 14, 15, 17, 18, 21, 22, 36, 50, 86, 121], "summary": {"covered_lines": 9, "num_statements": 9, "percent_covered": 100.0, "percent_covered_display": "100", "missing_lines": 0, "excluded_lines": 0, "percent_statements_covered": 100.0, "percent_statements_covered_display": "100"}, "missing_lines": [], "excluded_lines": []}}}, "src/flowspec_cli/security/fixer/__init__.py": {"executed_lines": [1, 10, 16, 17, 18, 26], "summary": {"covered_lines": 5, "num_statements": 5, "percent_covered": 100.0, "percent_covered_display": "100", "missing_lines": 0, "excluded_lines": 0, "percent_statements_covered": 100.0, "percent_statements_covered_display": "100"}, "missing_lines": [], "excluded_lines": [], "functions": {"": {"executed_lines": [1, 10, 16, 17, 18, 26], "summary": {"covered_lines": 5, "num_statements": 5, "percent_covered": 100.0, "percent_covered_display": "100", "missing_lines": 0, "excluded_lines": 0, "percent_statements_covered": 100.0, "percent_statements_covered_display": "100"}, "missing_lines": [], "excluded_lines": []}}, "classes": {"": {"executed_lines": [1, 10, 16, 17, 18, 26], "summary": {"covered_lines": 5, "num_statements": 5, "percent_covered": 100.0, "percent_covered_display": "100", "missing_lines": 0, "excluded_lines": 0, "percent_statements_covered": 100.0, "percent_statements_covered_display": "100"}, "missing_lines": [], "excluded_lines": []}}}, "src/flowspec_cli/security/fixer/applicator.py": {"executed_lines": [1, 7, 8, 9, 10, 11, 12, 13, 15, 18, 19, 21, 22, 23, 24, 27, 28, 29, 31, 32, 33, 34, 36, 37, 39, 41, 43, 51, 52, 53, 55, 56, 60, 61, 63, 65, 66, 68, 70, 71, 73, 75, 77, 86, 87, 88, 90, 91, 92, 95, 96, 108, 114, 115, 117, 128, 129, 136, 137, 140, 141, 142, 143, 151, 152, 154, 156, 159, 160, 162, 164, 176, 178, 179, 180, 182, 184, 198, 199, 201, 210, 211, 213, 214, 215, 219, 225, 227, 228, 229, 231, 232, 234, 240, 244, 246, 248, 249, 250, 252, 254, 256, 257, 265, 266, 295, 297, 298, 301, 302, 321, 323, 324, 325, 352, 358, 360, 362, 364, 365, 368, 369, 375, 381, 383, 396, 398, 399, 401, 402, 403, 405, 406, 407], "summary": {"covered_lines": 128, "num_statements": 151, "percent_covered": 84.76821192052981, "percent_covered_display": "85", "missing_lines": 23, "excluded_lines": 0, "percent_statements_covered": 84.76821192052981, "percent_statements_covered_display": "85"}, "missing_lines": [144, 216, 217, 273, 274, 279, 285, 286, 291, 293, 308, 314, 315, 333, 334, 340, 341, 346, 353, 389, 390, 408, 409], "excluded_lines": [], "functions": {"ApplyResult.is_successful": {"executed_lines": [39], "summary": {"covered_lines": 1, "num_statements": 1, "percent_covered": 100.0, "percent_covered_display": "100", "missing_lines": 0, "excluded_lines": 0, "percent_statements_covered": 100.0, "percent_statements_covered_display": "100"}, "missing_lines": [], "excluded_lines": []}, "ApplyResult.to_dict": {"executed_lines": [43], "summary": {"covered_lines": 1, "num_statements": 1, "percent_covered": 100.0, "percent_covered_display": "100", "missing_lines": 0, "excluded_lines": 0, "percent_statements_covered": 100.0, "percent_statements_covered_display": "100"}, "missing_lines": [], "excluded_lines": []}, "BatchApplyResult.successful_count": {"executed_lines": [63], "summary": {"covered_lines": 1, "num_statements": 1, "percent_covered": 100.0, "percent_covered_display": "100", "missing_lines": 0, "excluded_lines": 0, "percent_statements_covered": 100.0, "percent_statements_covered_display": "100"}, "missing_lines": [], "excluded_lines": []}, "BatchApplyResult.failed_count": {"executed_lines": [68], "summary": {"covered_lines": 1, "num_statements": 1, "percent_covered": 100.0, "percent_covered_display": "100", "missing_lines": 0, "excluded_lines": 0, "percent_statements_covered": 100.0, "percent_statements_covered_display": "100"}, "missing_lines": [], "excluded_lines": []}, "BatchApplyResult.all_successful": {"executed_lines": [73], "summary": {"covered_lines": 1, "num_statements": 1, "percent_covered": 100.0, "percent_covered_display": "100", "missing_lines": 0, "excluded_lines": 0, "percent_statements_covered": 100.0, "percent_statements_covered_display": "100"}, "missing_lines": [], "excluded_lines": []}, "BatchApplyResult.to_dict": {"executed_lines": [77], "summary": {"covered_lines": 1, "num_statements": 1, "percent_covered": 100.0, "percent_covered_display": "100", "missing_lines": 0, "excluded_lines": 0, "percent_statements_covered": 100.0, "percent_statements_covered_display": "100"}, "missing_lines": [], "excluded_lines": []}, "PatchApplicator.__init__": {"executed_lines": [114, 115], "summary": {"covered_lines": 2, "num_statements": 2, "percent_covered": 100.0, "percent_covered_display": "100", "missing_lines": 0, "excluded_lines": 0, "percent_statements_covered": 100.0, "percent_statements_covered_display": "100"}, "missing_lines": [], "excluded_lines": []}, "PatchApplicator.apply_patch": {"executed_lines": [128, 129, 136, 137, 140, 141, 142, 143, 151
[...]
 26, 30, 32, 33, 36, 48, 49, 50, 51, 54, 64, 65, 66, 67, 70, 82, 83, 92, 93, 102, 108], "summary": {"covered_lines": 30, "num_statements": 36, "percent_covered": 83.33333333333333, "percent_covered_display": "83", "missing_lines": 6, "excluded_lines": 0, "percent_statements_covered": 83.33333333333333, "percent_statements_covered_display": "83"}, "missing_lines": [28, 72, 110, 112, 143, 144], "excluded_lines": [], "functions": {"XSSClassifier.supported_cwes": {"executed_lines": [21], "summary": {"covered_lines": 1, "num_statements": 1, "percent_covered": 100.0, "percent_covered_display": "100", "missing_lines": 0, "excluded_lines": 0, "percent_statements_covered": 100.0, "percent_statements_covered_display": "100"}, "missing_lines": [], "excluded_lines": []}, "XSSClassifier.classify": {"executed_lines": [25, 26], "summary": {"covered_lines": 2, "num_statements": 3, "percent_covered": 66.66666666666667, "percent_covered_display": "67", "missing_lines": 1, "excluded_lines": 0, "percent_statements_covered": 66.66666666666667, "percent_statements_covered_display": "67"}, "missing_lines": [28], "excluded_lines": []}, "XSSClassifier._heuristic_classify": {"executed_lines": [32, 33, 36, 48, 49, 50, 51, 54, 64, 65, 66, 67, 70, 82, 83, 92, 93, 102], "summary": {"covered_lines": 18, "num_statements": 19, "percent_covered": 94.73684210526316, "percent_covered_display": "95", "missing_lines": 1, "excluded_lines": 0, "percent_statements_covered": 94.73684210526316, "percent_statements_covered_display": "95"}, "missing_lines": [72], "excluded_lines": []}, "XSSClassifier._ai_classify": {"executed_lines": [], "summary": {"covered_lines": 0, "num_statements": 4, "percent_covered": 0.0, "percent_covered_display": "0", "missing_lines": 4, "excluded_lines": 0, "percent_statements_covered": 0.0, "percent_statements_covered_display": "0"}, "missing_lines": [110, 112, 143, 144], "excluded_lines": []}, "": {"executed_lines": [1, 7, 8, 9, 15, 16, 18, 19, 23, 30, 108], "summary": {"covered_lines": 9, "num_statements": 9, "percent_covered": 100.0, "percent_covered_display": "100", "missing_lines": 0, "excluded_lines": 0, "percent_statements_covered": 100.0, "percent_statements_covered_display": "100"}, "missing_lines": [], "excluded_lines": []}}, "classes": {"XSSClassifier": {"executed_lines": [21, 25, 26, 32, 33, 36, 48, 49, 50, 51, 54, 64, 65, 66, 67, 70, 82, 83, 92, 93, 102], "summary": {"covered_lines": 21, "num_statements": 27, "percent_covered": 77.77777777777777, "percent_covered_display": "78", "missing_lines": 6, "excluded_lines": 0, "percent_statements_covered": 77.77777777777777, "percent_statements_covered_display": "78"}, "missing_lines": [28, 72, 110, 112, 143, 144], "excluded_lines": []}, "": {"executed_lines": [1, 7, 8, 9, 15, 16, 18, 19, 23, 30, 108], "summary": {"covered_lines": 9, "num_statements": 9, "percent_covered": 100.0, "percent_covered_display": "100", "missing_lines": 0, "excluded_lines": 0, "percent_statements_covered": 100.0, "percent_statements_covered_display": "100"}, "missing_lines": [], "excluded_lines": []}}}, "src/flowspec_cli/security/triage/engine.py": {"executed_lines": [1, 12, 13, 14, 15, 16, 18, 19, 25, 26, 31, 32, 35, 36, 39, 42, 44, 47, 48, 49, 51, 52, 53, 56, 57, 70, 89, 101, 102, 103, 106, 115, 124, 126, 127, 128, 131, 134, 136, 138, 153, 156, 159, 161, 175, 180, 181, 182, 184, 186, 199, 200, 202, 204, 210, 213, 214, 217, 218, 220, 221, 223, 225, 232, 238, 262, 263, 266, 267, 271, 276, 278, 288, 290, 297, 301, 303, 310, 312, 314, 321, 325, 337, 340, 341, 342, 343, 344, 345, 348, 349, 350, 351, 352, 353, 356, 357, 359, 360, 361, 362, 363, 365, 366, 367, 368, 369, 370, 372, 374, 383, 384], "summary": {"covered_lines": 109, "num_statements": 118, "percent_covered": 92.37288135593221, "percent_covered_display": "92", "missing_lines": 9, "excluded_lines": 0, "percent_statements_covered": 92.37288135593221, "percent_statements_covered_display": "92"}, "missing_lines": [215, 268, 269, 270, 272, 273, 274, 284, 286], "excluded_lines": [], "functions": {"TriageEngine.__init__": {"executed_lines": [101, 102, 103, 106], "summary": {"covered_lines": 4, "num_statements": 4, "percent_covered": 100.0, "percent_covered_display": "100", "missing_lines": 0, "excluded_lines": 0, "percent_statements_covered": 100.0, "percent_statements_covered_display": "100"}, "missing_lines": [], "excluded_lines": []}, "TriageEngine.triage": {"executed_lines": [124, 126, 127, 128, 131, 134, 136], "summary": {"covered_lines": 7, "num_statements": 7, "percent_covered": 100.0, "percent_covered_display": "100", "missing_lines": 0, "excluded_lines": 0, "percent_statements_covered": 100.0, "percent_statements_covered_display": "100"}, "missing_lines": [], "excluded_lines": []}, "TriageEngine._triage_single": {"executed_lines": [153, 156, 159, 161], "summary": {"covered_lines": 4, "num_statements": 4, "percent_covered": 100.0, "percent_covered_display": "100", "missing_lines": 0, "excluded_lines": 0, "percent_statements_covered": 100.0, "percent_statements_covered_display": "100"}, "missing_lines": [], "excluded_lines": []}, "TriageEngine._classify": {"executed_lines": [180, 181, 182, 184], "summary": {"covered_lines": 4, "num_statements": 4, "percent_covered": 100.0, "percent_covered_display": "100", "missing_lines": 0, "excluded_lines": 0, "percent_statements_covered": 100.0, "percent_statements_covered_display": "100"}, "missing_lines": [], "excluded_lines": []}, "TriageEngine._generate_explanation": {"executed_lines": [199, 200, 202], "summary": {"covered_lines": 3, "num_statements": 3, "percent_covered": 100.0, "percent_covered_display": "100", "missing_lines": 0, "excluded_lines": 0, "percent_statements_covered": 100.0, "percent_statements_covered_display": "100"}, "missing_lines": [], "excluded_lines": []}, "TriageEngine._generate_heuristic_explanation": {"executed_lines": [210, 213, 214, 217, 218, 220, 221, 223, 225], "summary": {"covered_lines": 9, "num_statements": 10, "percent_covered": 90.0, "percent_covered_display": "90", "missing_lines": 1, "excluded_lines": 0, "percent_statements_covered": 90.0, "percent_statements_covered_display": "90"}, "missing_lines": [215], "excluded_lines": []}, "TriageEngine._generate_ai_explanation": {"executed_lines": [238, 262, 263, 266, 267, 271, 276, 278], "summary": {"covered_lines": 8, "num_statements": 16, "percent_covered": 50.0, "percent_covered_display": "50", "missing_lines": 8, "excluded_lines": 0, "percent_statements_covered": 50.0, "percent_statements_covered_display": "50"}, "missing_lines": [268, 269, 270, 272, 273, 274, 284, 286], "excluded_lines": []}, "TriageEngine._get_cwe_impact": {"executed_lines": [290, 297], "summary": {"covered_lines": 2, "num_statements": 2, "percent_covered": 100.0, "percent_covered_display": "100", "missing_lines": 0, "excluded_lines": 0, "percent_statements_covered": 100.0, "percent_statements_covered_display": "100"}, "missing_lines": [], "excluded_lines": []}, "TriageEngine._get_cwe_exploit_guidance": {"executed_lines": [303, 310], "summary": {"covered_lines": 2, "num_statements": 2, "percent_covered": 100.0, "percent_covered_display": "100", "missing_lines": 0, "excluded_lines": 0, "percent_statements_covered": 100.0, "percent_statements_covered_display": "100"}, "missing_lines": [], "excluded_lines": []}, "TriageEngine._get_cwe_fix_guidance": {"executed_lines": [314, 321], "summary": {"covered_lines": 2, "num_statements": 2, "percent_covered": 100.0, "percent_covered_display": "100", "missing_lines": 0, "excluded_lines": 0, "percent_statements_covered": 100.0, "percent_statements_covered_display": "100"}, "missing_lines": [], "excluded_lines": []}, "TriageEngine._cluster": {"executed_lines": [337, 340, 341, 342, 343, 344, 345, 348, 349, 350, 351, 352, 353, 356, 357, 359, 360, 361, 362, 363, 365, 366, 367, 368, 369, 370, 372], "summary": {"covered_lines": 27, "num_statements": 27, "percent_covered": 100.0, "percent_covered_display": "100", "missing_lines": 0, "excluded_lines": 0, "percent_statements_covered": 100.0, "percent_statements_covered_display": "100"}, "missing_lines": [], "excluded_lines": []}, "TriageEngine.get_classifier": {"executed_lines": [383, 384], "summary": {"covered_lines": 2, "num_statements": 2, "percent_covered": 100.0, "percent_covered_display": "100", "missing_lines": 0, "excluded_lines": 0, "percent_statements_covered": 100.0, "percent_statements_covered_display": "100"}, "missing_lines": [], "excluded_lines": []}, "": {"executed_lines": [1, 12, 13, 14, 15, 16, 18, 19, 25, 26, 31, 32, 35, 36, 39, 42, 44, 47, 48, 49, 51, 52, 53, 56, 57, 70, 89, 115, 138, 175, 186, 204, 232, 288, 301, 312, 325, 374], "summary": {"covered_lines": 35, "num_statements": 35, "percent_covered": 100.0, "percent_covered_display": "100", "missing_lines": 0, "excluded_lines": 0, "percent_statements_covered": 100.0, "percent_statements_covered_display": "100"}, "missing_lines": [], "excluded_lines": []}}, "classes": {"TriageConfig": {"executed_lines": [], "summary": {"covered_lines": 0, "num_statements": 0, "percent_covered": 100.0, "percent_covered_display": "100", "missing_lines": 0, "excluded_lines": 0, "percent_statements_covered": 100.0, "percent_statements_covered_display": "100"}, "missing_lines": [], "excluded_lines": []}, "TriageEngine": {"executed_lines": [101, 102, 103, 106, 124, 126, 127, 128, 131, 134, 136, 153, 156, 159, 161, 180, 181, 182, 184, 199, 200, 202, 210, 213, 214, 217, 218, 220, 221, 223, 225, 238, 262, 263, 266, 267, 271, 276, 278, 290, 297, 303, 310, 314, 321, 337, 340, 341, 342, 343, 344, 345, 348, 349, 350, 351, 352, 353, 356, 357, 359, 360, 361, 362, 363, 365, 366, 367, 368, 369, 370, 372, 383, 384], "summary": {"covered_lines": 74, "num_statements": 83, "percent_covered": 89.1566265060241, "percent_covered_display": "89", "missing_lines": 9, "excluded_lines": 0, "percent_statements_covered": 89.1566265060241, "percent_statements_covered_display": "89"}, "missing_lines": [215, 268, 269, 270, 272, 273, 274, 284, 286], "excluded_lines": []}, "": {"executed_lines": [1, 12, 13, 14, 15, 16, 18, 19, 25, 26, 31, 32, 35, 36, 39, 42, 44, 47, 48, 49, 51, 52, 53, 56, 57, 70, 89, 115, 138, 175, 186, 204, 232, 288, 301, 312, 325, 374], "summary": {"covered_lines": 35, "num_statements": 35, "percent_covered": 100.0, "percent_covered_display": "100", "missing_lines": 0, "excluded_lines": 0, "percent_statements_covered": 100.0, "percent_statements_covered_display": "100"}, "missing_lines": [], "excluded_lines": []}}}, "src/flowspec_cli/security/triage/models.py": {"executed_lines": [1, 9, 10, 13, 14, 21, 22, 23, 26, 27, 29, 30, 31, 34, 35, 36, 41, 42, 43, 44, 47, 48, 49, 55, 56, 57, 58, 59, 60, 61, 62, 63, 65, 66, 68, 70, 71, 73, 75, 77, 94, 95, 97, 117, 118, 119, 124, 125, 126, 128, 129, 131], "summary": {"covered_lines": 46, "num_statements": 46, "percent_covered": 100.0, "percent_covered_display": "100", "missing_lines": 0, "excluded_lines": 0, "percent_statements_covered": 100.0, "percent_statements_covered_display": "100"}, "missing_lines": [], "excluded_lines": [], "functions": {"TriageResult.is_actionable": {"executed_lines": [68], "summary": {"covered_lines": 1, "num_statements": 1, "percent_covered": 100.0, "percent_covered_display": "100", "missing_lines": 0, "excluded_lines": 0, "percent_statements_covered": 100.0, "percent_statements_covered_display": "100"}, "missing_lines": [], "excluded_lines": []}, "TriageResult.requires_review": {"executed_lines": [73], "summary": {"covered_lines": 1, "num_statements": 1, "percent_covered": 100.0, "percent_covered_display": "100", "missing_lines": 0, "excluded_lines": 0, "percent_statements_covered": 100.0, "percent_statements_covered_display": "100"}, "missing_lines": [], "excluded_lines": []}, "TriageResult.to_dict": {"executed_lines": [77], "summary": {"covered_lines": 1, "num_statements": 1, "percent_covered": 100.0, "percent_covered_display": "100", "missing_lines": 0, "excluded_lines": 0, "percent_statements_covered": 100.0, "percent_statements_covered_display": "100"}, "missing_lines": [], "excluded_lines": []}, "TriageResult.from_dict": {"executed_lines": [97], "summary": {"covered_lines": 1, "num_statements": 1, "percent_covered": 100.0, "percent_covered_display": "100", "missing_lines": 0, "excluded_lines": 0, "percent_statements_covered": 100.0, "percent_statements_covered_display": "100"}, "missing_lines": [], "excluded_lines": []}, "RiskComponents.risk_score": {"executed_lines": [131], "summary": {"covered_lines": 1, "num_statements": 1, "percent_covered": 100.0, "percent_covered_display": "100", "missing_lines": 0, "excluded_lines": 0, "percent_statements_covered": 100.0, "percent_statements_covered_display": "100"}, "missing_lines": [], "excluded_lines": []}, "": {"executed_lines": [1, 9, 10, 13, 14, 21, 22, 23, 26, 27, 29, 30, 31, 34, 35, 36, 41, 42, 43, 44, 47, 48, 49, 55, 56, 57, 58, 59, 60, 61, 62, 63, 65, 66, 70, 71, 75, 94, 95, 117, 118, 119, 124, 125, 126, 128, 129], "summary": {"covered_lines": 41, "num_statements": 41, "percent_covered": 100.0, "percent_covered_display": "100", "missing_lines": 0, "excluded_lines": 0, "percent_statements_covered": 100.0, "percent_statements_covered_display": "100"}, "missing_lines": [], "excluded_lines": []}}, "classes": {"Classification": {"executed_lines": [], "summary": {"covered_lines": 0, "num_statements": 0, "percent_covered": 100.0, "percent_covered_display": "100", "missing_lines": 0, "excluded_lines": 0, "percent_statements_covered": 100.0, "percent_statements_covered_display": "100"}, "missing_lines": [], "excluded_lines": []}, "ClusterType": {"executed_lines": [], "summary": {"covered_lines": 0, "num_statements": 0, "percent_covered": 100.0, "percent_covered_display": "100", "missing_lines": 0, "excluded_lines": 0, "percent_statements_covered": 100.0, "percent_statements_covered_display": "100"}, "missing_lines": [], "excluded_lines": []}, "Explanation": {"executed_lines": [], "summary": {"covered_lines": 0, "num_statements": 0, "percent_covered": 100.0, "percent_covered_display": "100", "missing_lines": 0, "excluded_lines": 0, "percent_statements_covered": 100.0, "percent_statements_covered_display": "100"}, "missing_lines": [], "excluded_lines": []}, "TriageResult": {"executed_lines": [68, 73, 77, 97], "summary": {"covered_lines": 4, "num_statements": 4, "percent_covered": 100.0, "percent_covered_display": "100", "missing_lines": 0, "excluded_lines": 0, "percent_statements_covered": 100.0, "percent_statements_covered_display": "100"}, "missing_lines": [], "excluded_lines": []}, "RiskComponents": {"executed_lines": [131], "summary": {"covered_lines": 1, "num_statements": 1, "percent_covered": 100.0, "percent_covered_display": "100", "missing_lines": 0, "excluded_lines": 0, "percent_statements_covered": 100.0, "percent_statements_covered_display": "100"}, "missing_lines": [], "excluded_lines": []}, "": {"executed_lines": [1, 9, 10, 13, 14, 21, 22, 23, 26, 27, 29, 30, 31, 34, 35, 36, 41, 42, 43, 44, 47, 48, 49, 55, 56, 57, 58, 59, 60, 61, 62, 63, 65, 66, 70, 71, 75, 94, 95, 117, 118, 119, 124, 125, 126, 128, 129], "summary": {"covered_lines": 41, "num_statements": 41, "percent_covered": 100.0, "percent_covered_display": "100", "missing_lines": 0, "excluded_lines": 0, "percent_statements_covered": 100.0, "percent_statements_covered_display": "100"}, "missing_lines": [], "excluded_lines": []}}}, "src/flowspec_cli/security/triage/risk_scorer.py": {"executed_lines": [1, 11, 12, 13, 14, 16, 17, 20, 21, 22, 30, 41, 44, 47, 49, 55, 62, 63, 66, 74, 75, 77, 93, 104, 105, 106, 109, 117, 118, 120, 126, 127, 129, 130, 132, 133, 134, 135, 138, 142, 143, 144, 147, 148, 153, 168, 169, 172, 173, 174, 175, 176, 177, 178, 179, 181, 182, 184, 186, 193, 196, 197, 198, 199, 200, 202, 203, 206, 221], "summary": {"covered_lines": 67, "num_statements": 69, "percent_covered": 97.10144927536231, "percent_covered_display": "97", "missing_lines": 2, "excluded_lines": 0, "percent_statements_covered": 97.10144927536231, "percent_statements_covered_display": "97"}, "missing_lines": [149, 151], "excluded_lines": [], "functions": {"RiskScorer.score": {"executed_lines": [41, 44, 47, 49], "summary": {"covered_lines": 4, "num_statements": 4, "percent_covered": 100.0, "percent_covered_display": "100", "missing_lines": 0, "excluded_lines": 0, "percent_statements_covered": 100.0, "percent_statements_covered_display": "100"}, "missing_lines": [], "excluded_lines": []}, "RiskScorer._get_impact": {"executed_lines": [62, 63, 66, 74, 75], "summary": {"covered_lines": 5, "num_statements": 5, "percent_covered": 100.0, "percent_covered_display": "100", "missing_lines": 0, "excluded_lines": 0, "percent_statements_covered": 100.0, "percent_statements_covered_display": "100"}, "missing_lines": [], "excluded_lines": []}, "RiskScorer._get_exploitability": {"executed_lines": [93, 104, 105, 106, 109, 117, 118], "summary": {"covered_lines": 7, "num_statements": 7, "percent_covered": 100.0, "percent_covered_display": "100", "missing_lines": 0, "excluded_lines": 0, "percent_statements_covered": 100.0, "percent_statements_covered_display": "100"}, "missing_lines": [], "excluded_lines": []}, "RiskScorer._get_detection_time": {"executed_lines": [126, 127, 129, 130, 132, 133, 134, 135, 138, 142, 143, 144, 147, 148, 153, 168, 169, 172, 173, 174, 175, 176, 177, 178, 179, 181, 182, 184], "summary": {"covered_lines": 28, "num_statements": 30, "percent_covered": 93.33333333333333, "percent_covered_display": "93", "missing_lines": 2, "excluded_lines": 0, "percent_statements_covered": 93.33333333333333, "percent_statements_covered_display": "93"}, "missing_lines": [149, 151], "excluded_lines": []}, "RiskScorer._find_git_root": {"executed_lines": [193, 196, 197, 198, 199, 200, 202, 203], "summary": {"covered_lines": 8, "num_statements": 8, "percent_covered": 100.0, "percent_covered_display": "100", "missing_lines": 0, "excluded_lines": 0, "percent_statements_covered": 100.0, "percent_statements_covered_display": "100"}, "missing_lines": [], "excluded_lines": []}, "calculate_risk_score": {"executed_lines": [221], "summary": {"covered_lines": 1, "num_statements": 1, "percent_covered": 100.0, "percent_covered_display": "100", "missing_lines": 0, "excluded_lines": 0, "percent_statements_covered": 100.0, "percent_statements_covered_display": "100"}, "missing_lines": [], "excluded_lines": []}, "": {"executed_lines": [1, 11, 12, 13, 14, 16, 17, 20, 21, 22, 30, 55, 77, 120, 186, 206], "summary": {"covered_lines": 14, "num_statements": 14, "percent_covered": 100.0, "percent_covered_display": "100", "missing_lines": 0, "excluded_lines": 0, "percent_statements_covered": 100.0, "percent_statements_covered_display": "100"}, "missing_lines": [], "excluded_lines": []}}, "classes": {"RiskScorer": {"executed_lines": [41, 44, 47, 49, 62, 63, 66, 74, 75, 93, 104, 105, 106, 109, 117, 118, 126, 127, 129, 130, 132, 133, 134, 135, 138, 142, 143, 144, 147, 148, 153, 168, 169, 172, 173, 174, 175, 176, 177, 178, 179, 181, 182, 184, 193, 196, 197, 198, 199, 200, 202, 203], "summary": {"covered_lines": 52, "num_statements": 54, "percent_covered": 96.29629629629629, "percent_covered_display": "96", "missing_lines": 2, "excluded_lines": 0, "percent_statements_covered": 96.29629629629629, "percent_statements_covered_display": "96"}, "missing_lines": [149, 151], "excluded_lines": []}, "": {"executed_lines": [1, 11, 12, 13, 14, 16, 17, 20, 21, 22, 30, 55, 77, 120, 186, 206, 221], "summary": {"covered_lines": 15, "num_statements": 15, "percent_covered": 100.0, "percent_covered_display": "100", "missing_lines": 0, "excluded_lines": 0, "percent_statements_covered": 100.0, "percent_statements_covered_display": "100"}, "missing_lines": [], "excluded_lines": []}}}}, "totals": {"covered_lines": 2775, "num_statements": 3398, "percent_covered": 81.6656856974691, "percent_covered_display": "82", "missing_lines": 623, "excluded_lines": 12, "percent_statements_covered": 81.6656856974691, "percent_statements_covered_display": "82"}}